Added Component: Designator=C1(C0603)
Add component (AddParameter): Name = "Part Number"; Value = "C0603"; VariantName = "[No Variations]"
Add component (AddParameter): Name = "Part Number En"; Value = "CAP CER 0,01UF 50V X7R 0603"; VariantName = "[No Variations]"
Add component (AddParameter): Name = "Part Number Ru"; Value = "0,01 לך ±10% 50 ֲ X7R 0603"; VariantName = "[No Variations]"
Add component (AddParameter): Name = "Value"; Value = "0,01 לך"; VariantName = "[No Variations]"
Added Component: Designator=C2(C0603)
Add component (AddParameter): Name = "Part Number"; Value = "C0603"; VariantName = "[No Variations]"
Add component (AddParameter): Name = "Part Number En"; Value = "CAP CER 0,01UF 50V X7R 0603"; VariantName = "[No Variations]"
Add component (AddParameter): Name = "Part Number Ru"; Value = "0,01 לך ±10% 50 ֲ X7R 0603"; VariantName = "[No Variations]"
Add component (AddParameter): Name = "Value"; Value = "0,01 לך"; VariantName = "[No Variations]"
Added Component: Designator=C3(C0603)
Add component (AddParameter): Name = "Part Number"; Value = "C0603"; VariantName = "[No Variations]"
Add component (AddParameter): Name = "Part Number En"; Value = "CAP CER 0,01UF 50V X7R 0603"; VariantName = "[No Variations]"
Add component (AddParameter): Name = "Part Number Ru"; Value = "0,01 לך ±10% 50 ֲ X7R 0603"; VariantName = "[No Variations]"
Add component (AddParameter): Name = "Value"; Value = "0,1uF"; VariantName = "[No Variations]"
Added Component: Designator=C4(C0603)
Add component (AddParameter): Name = "Part Number"; Value = "C0603"; VariantName = "[No Variations]"
Add component (AddParameter): Name = "Part Number En"; Value = "CAP CER 0,01UF 50V X7R 0603"; VariantName = "[No Variations]"
Add component (AddParameter): Name = "Part Number Ru"; Value = "0,01 לך ±10% 50 ֲ X7R 0603"; VariantName = "[No Variations]"
Add component (AddParameter): Name = "Value"; Value = "100nF"; VariantName = "[No Variations]"
Added Component: Designator=C5(C0603)
Add component (AddParameter): Name = "Part Number"; Value = "C0603"; VariantName = "[No Variations]"
Add component (AddParameter): Name = "Part Number En"; Value = "CAP CER 0,01UF 50V X7R 0603"; VariantName = "[No Variations]"
Add component (AddParameter): Name = "Part Number Ru"; Value = "0,01 לך ±10% 50 ֲ X7R 0603"; VariantName = "[No Variations]"
Add component (AddParameter): Name = "Value"; Value = "33pF"; VariantName = "[No Variations]"
Added Component: Designator=C6(C0603)
Add component (AddParameter): Name = "Part Number"; Value = "C0603"; VariantName = "[No Variations]"
Add component (AddParameter): Name = "Part Number En"; Value = "CAP CER 0,01UF 50V X7R 0603"; VariantName = "[No Variations]"
Add component (AddParameter): Name = "Part Number Ru"; Value = "0,01 לך ±10% 50 ֲ X7R 0603"; VariantName = "[No Variations]"
Add component (AddParameter): Name = "Value"; Value = "33pF"; VariantName = "[No Variations]"
Added Component: Designator=C7(C0603)
Add component (AddParameter): Name = "Part Number"; Value = "C0603"; VariantName = "[No Variations]"
Add component (AddParameter): Name = "Part Number En"; Value = "CAP CER 0,01UF 50V X7R 0603"; VariantName = "[No Variations]"
Add component (AddParameter): Name = "Part Number Ru"; Value = "0,01 לך ±10% 50 ֲ X7R 0603"; VariantName = "[No Variations]"
Add component (AddParameter): Name = "Value"; Value = "100nF"; VariantName = "[No Variations]"
Added Component: Designator=C8(C0805)
Add component (AddParameter): Name = "Part Number"; Value = "C0805"; VariantName = "[No Variations]"
Add component (AddParameter): Name = "Part Number En"; Value = "CAP CER 0,01UF 50V X7R 0805"; VariantName = "[No Variations]"
Add component (AddParameter): Name = "Part Number Ru"; Value = "0,01 לך ±10% 50 ֲ X7R 0805"; VariantName = "[No Variations]"
Add component (AddParameter): Name = "Value"; Value = "0,1uF"; VariantName = "[No Variations]"
Added Component: Designator=C9(C0805)
Add component (AddParameter): Name = "Part Number"; Value = "C0805"; VariantName = "[No Variations]"
Add component (AddParameter): Name = "Part Number En"; Value = "CAP CER 0,01UF 50V X7R 0805"; VariantName = "[No Variations]"
Add component (AddParameter): Name = "Part Number Ru"; Value = "0,01 לך ±10% 50 ֲ X7R 0805"; VariantName = "[No Variations]"
Add component (AddParameter): Name = "Value"; Value = "0,1uF"; VariantName = "[No Variations]"
Added Component: Designator=C10(C0805)
Add component (AddParameter): Name = "Part Number"; Value = "C0805"; VariantName = "[No Variations]"
Add component (AddParameter): Name = "Part Number En"; Value = "CAP CER 0,01UF 50V X7R 0805"; VariantName = "[No Variations]"
Add component (AddParameter): Name = "Part Number Ru"; Value = "0,01 לך ±10% 50 ֲ X7R 0805"; VariantName = "[No Variations]"
Add component (AddParameter): Name = "Value"; Value = "0,1uF"; VariantName = "[No Variations]"
Added Component: Designator=C11(C0805)
Add component (AddParameter): Name = "Part Number"; Value = "C0805"; VariantName = "[No Variations]"
Add component (AddParameter): Name = "Part Number En"; Value = "CAP CER 0,01UF 50V X7R 0805"; VariantName = "[No Variations]"
Add component (AddParameter): Name = "Part Number Ru"; Value = "0,01 לך ±10% 50 ֲ X7R 0805"; VariantName = "[No Variations]"
Add component (AddParameter): Name = "Value"; Value = "0,1uF"; VariantName = "[No Variations]"
Added Component: Designator=C12(C0805)
Add component (AddParameter): Name = "Part Number"; Value = "C0805"; VariantName = "[No Variations]"
Add component (AddParameter): Name = "Part Number En"; Value = "CAP CER 0,01UF 50V X7R 0805"; VariantName = "[No Variations]"
Add component (AddParameter): Name = "Part Number Ru"; Value = "0,01 לך ±10% 50 ֲ X7R 0805"; VariantName = "[No Variations]"
Add component (AddParameter): Name = "Value"; Value = "0,1uF"; VariantName = "[No Variations]"
Added Component: Designator=C13(C0805)
Add component (AddParameter): Name = "Part Number"; Value = "C0805"; VariantName = "[No Variations]"
Add component (AddParameter): Name = "Part Number En"; Value = "CAP CER 0,01UF 50V X7R 0805"; VariantName = "[No Variations]"
Add component (AddParameter): Name = "Part Number Ru"; Value = "0,01 לך ±10% 50 ֲ X7R 0805"; VariantName = "[No Variations]"
Add component (AddParameter): Name = "Value"; Value = "0,1uF"; VariantName = "[No Variations]"
Added Component: Designator=C14(C0805)
Add component (AddParameter): Name = "Part Number"; Value = "C0805"; VariantName = "[No Variations]"
Add component (AddParameter): Name = "Part Number En"; Value = "CAP CER 0,01UF 50V X7R 0805"; VariantName = "[No Variations]"
Add component (AddParameter): Name = "Part Number Ru"; Value = "0,01 לך ±10% 50 ֲ X7R 0805"; VariantName = "[No Variations]"
Add component (AddParameter): Name = "Value"; Value = "0,1uF"; VariantName = "[No Variations]"
Added Component: Designator=C15(C0805)
Add component (AddParameter): Name = "Part Number"; Value = "C0805"; VariantName = "[No Variations]"
Add component (AddParameter): Name = "Part Number En"; Value = "CAP CER 0,01UF 50V X7R 0805"; VariantName = "[No Variations]"
Add component (AddParameter): Name = "Part Number Ru"; Value = "0,01 לך ±10% 50 ֲ X7R 0805"; VariantName = "[No Variations]"
Add component (AddParameter): Name = "Value"; Value = "0,1uF"; VariantName = "[No Variations]"
Added Component: Designator=C16(C0603)
Add component (AddParameter): Name = "Part Number"; Value = "C0603"; VariantName = "[No Variations]"
Add component (AddParameter): Name = "Part Number En"; Value = "CAP CER 0,01UF 50V X7R 0603"; VariantName = "[No Variations]"
Add component (AddParameter): Name = "Part Number Ru"; Value = "0,01 לך ±10% 50 ֲ X7R 0603"; VariantName = "[No Variations]"
Add component (AddParameter): Name = "Value"; Value = "1uF"; VariantName = "[No Variations]"
Added Component: Designator=C17(C0603)
Add component (AddParameter): Name = "Part Number"; Value = "C0603"; VariantName = "[No Variations]"
Add component (AddParameter): Name = "Part Number En"; Value = "CAP CER 0,01UF 50V X7R 0603"; VariantName = "[No Variations]"
Add component (AddParameter): Name = "Part Number Ru"; Value = "0,01 לך ±10% 50 ֲ X7R 0603"; VariantName = "[No Variations]"
Add component (AddParameter): Name = "Value"; Value = "10nF"; VariantName = "[No Variations]"
Added Component: Designator=C18(C0603)
Add component (AddParameter): Name = "Part Number"; Value = "C0603"; VariantName = "[No Variations]"
Add component (AddParameter): Name = "Part Number En"; Value = "CAP CER 0,01UF 50V X7R 0603"; VariantName = "[No Variations]"
Add component (AddParameter): Name = "Part Number Ru"; Value = "0,01 לך ±10% 50 ֲ X7R 0603"; VariantName = "[No Variations]"
Add component (AddParameter): Name = "Value"; Value = "20 pF"; VariantName = "[No Variations]"
Added Component: Designator=C19(C0603)
Add component (AddParameter): Name = "Part Number"; Value = "C0603"; VariantName = "[No Variations]"
Add component (AddParameter): Name = "Part Number En"; Value = "CAP CER 0,01UF 50V X7R 0603"; VariantName = "[No Variations]"
Add component (AddParameter): Name = "Part Number Ru"; Value = "0,01 לך ±10% 50 ֲ X7R 0603"; VariantName = "[No Variations]"
Add component (AddParameter): Name = "Value"; Value = "20pF"; VariantName = "[No Variations]"
Added Component: Designator=C20(C0603)
Add component (AddParameter): Name = "Part Number"; Value = "C0603"; VariantName = "[No Variations]"
Add component (AddParameter): Name = "Part Number En"; Value = "CAP CER 0,01UF 50V X7R 0603"; VariantName = "[No Variations]"
Add component (AddParameter): Name = "Part Number Ru"; Value = "0,01 לך ±10% 50 ֲ X7R 0603"; VariantName = "[No Variations]"
Add component (AddParameter): Name = "Value"; Value = "1uF"; VariantName = "[No Variations]"
Added Component: Designator=C21(C0603)
Add component (AddParameter): Name = "Part Number"; Value = "C0603"; VariantName = "[No Variations]"
Add component (AddParameter): Name = "Part Number En"; Value = "CAP CER 0,01UF 50V X7R 0603"; VariantName = "[No Variations]"
Add component (AddParameter): Name = "Part Number Ru"; Value = "0,01 לך ±10% 50 ֲ X7R 0603"; VariantName = "[No Variations]"
Add component (AddParameter): Name = "Value"; Value = "10nF"; VariantName = "[No Variations]"
Added Component: Designator=C22(C0603)
Add component (AddParameter): Name = "Part Number"; Value = "C0603"; VariantName = "[No Variations]"
Add component (AddParameter): Name = "Part Number En"; Value = "CAP CER 0,01UF 50V X7R 0603"; VariantName = "[No Variations]"
Add component (AddParameter): Name = "Part Number Ru"; Value = "0,01 לך ±10% 50 ֲ X7R 0603"; VariantName = "[No Variations]"
Add component (AddParameter): Name = "Value"; Value = "0,1 uF"; VariantName = "[No Variations]"
Added Component: Designator=C23(C0603)
Add component (AddParameter): Name = "Part Number"; Value = "C0603"; VariantName = "[No Variations]"
Add component (AddParameter): Name = "Part Number En"; Value = "CAP CER 0,01UF 50V X7R 0603"; VariantName = "[No Variations]"
Add component (AddParameter): Name = "Part Number Ru"; Value = "0,01 לך ±10% 50 ֲ X7R 0603"; VariantName = "[No Variations]"
Add component (AddParameter): Name = "Value"; Value = "20pF"; VariantName = "[No Variations]"
Added Component: Designator=C24(C0603)
Add component (AddParameter): Name = "Part Number"; Value = "C0603"; VariantName = "[No Variations]"
Add component (AddParameter): Name = "Part Number En"; Value = "CAP CER 0,01UF 50V X7R 0603"; VariantName = "[No Variations]"
Add component (AddParameter): Name = "Part Number Ru"; Value = "0,01 לך ±10% 50 ֲ X7R 0603"; VariantName = "[No Variations]"
Add component (AddParameter): Name = "Value"; Value = "20pF"; VariantName = "[No Variations]"
Added Component: Designator=C25(C0603)
Add component (AddParameter): Name = "Part Number"; Value = "C0603"; VariantName = "[No Variations]"
Add component (AddParameter): Name = "Part Number En"; Value = "CAP CER 0,01UF 50V X7R 0603"; VariantName = "[No Variations]"
Add component (AddParameter): Name = "Part Number Ru"; Value = "0,01 לך ±10% 50 ֲ X7R 0603"; VariantName = "[No Variations]"
Add component (AddParameter): Name = "Value"; Value = "0,1 nF"; VariantName = "[No Variations]"
Added Component: Designator=C26(C0603)
Add component (AddParameter): Name = "Part Number"; Value = "C0603"; VariantName = "[No Variations]"
Add component (AddParameter): Name = "Part Number En"; Value = "CAP CER 0,01UF 50V X7R 0603"; VariantName = "[No Variations]"
Add component (AddParameter): Name = "Part Number Ru"; Value = "0,01 לך ±10% 50 ֲ X7R 0603"; VariantName = "[No Variations]"
Add component (AddParameter): Name = "Value"; Value = "0,1 nF"; VariantName = "[No Variations]"
Added Component: Designator=C27(C0603)
Add component (AddParameter): Name = "Part Number"; Value = "C0603"; VariantName = "[No Variations]"
Add component (AddParameter): Name = "Part Number En"; Value = "CAP CER 0,01UF 50V X7R 0603"; VariantName = "[No Variations]"
Add component (AddParameter): Name = "Part Number Ru"; Value = "0,01 לך ±10% 50 ֲ X7R 0603"; VariantName = "[No Variations]"
Add component (AddParameter): Name = "Value"; Value = "0,1 nF"; VariantName = "[No Variations]"
Added Component: Designator=C28(C0603)
Add component (AddParameter): Name = "Part Number"; Value = "C0603"; VariantName = "[No Variations]"
Add component (AddParameter): Name = "Part Number En"; Value = "CAP CER 0,01UF 50V X7R 0603"; VariantName = "[No Variations]"
Add component (AddParameter): Name = "Part Number Ru"; Value = "0,01 לך ±10% 50 ֲ X7R 0603"; VariantName = "[No Variations]"
Add component (AddParameter): Name = "Value"; Value = "0,1 nF"; VariantName = "[No Variations]"
Added Component: Designator=D1(SOT23-5)
Add component (AddParameter): Name = "ComponentLink1Description"; Value = "Datasheet"; VariantName = "[No Variations]"
Add component (AddParameter): Name = "ComponentLink1URL"; Value = "https://static.chipdip.ru/lib/707/DOC013707261.pdf"; VariantName = "[No Variations]"
Added Component: Designator=D3(SOP16)
Add component (AddParameter): Name = "ComponentLink1Description"; Value = "Datasheet"; VariantName = "[No Variations]"
Add component (AddParameter): Name = "ComponentLink1URL"; Value = "https://static.chipdip.ru/lib/375/DOC030375417.pdf"; VariantName = "[No Variations]"
Added Component: Designator=D5(8-SOIC)
Add component (AddParameter): Name = "Manufacturer"; Value = "UMW"; VariantName = "[No Variations]"
Add component (AddParameter): Name = "Part Number"; Value = "ADM3485EARZ"; VariantName = "[No Variations]"
Add component (AddParameter): Name = "Part Number En"; Value = "ADM3485EARZ"; VariantName = "[No Variations]"
Add component (AddParameter): Name = "Part Number Ru"; Value = "ADM3485EARZ SOP-8"; VariantName = "[No Variations]"
Add component (AddParameter): Name = "Size"; Value = "SOP-8"; VariantName = "[No Variations]"
Added Component: Designator=D6(8-SOIC)
Add component (AddParameter): Name = "Manufacturer"; Value = "Texas Instruments"; VariantName = "[No Variations]"
Add component (AddParameter): Name = "Part Number"; Value = "TCAN1051VDQ1"; VariantName = "[No Variations]"
Add component (AddParameter): Name = "Part Number En"; Value = "TCAN1051VDQ1"; VariantName = "[No Variations]"
Add component (AddParameter): Name = "Part Number Ru"; Value = "TCAN1051VDQ1 SOIC-8"; VariantName = "[No Variations]"
Add component (AddParameter): Name = "Size"; Value = "SOIC-8"; VariantName = "[No Variations]"
Added Component: Designator=D7(100-LQFP)
Add component (AddParameter): Name = "Manufacturer"; Value = "GigaDevice"; VariantName = "[No Variations]"
Add component (AddParameter): Name = "Part Number"; Value = "GD32F407VGT6"; VariantName = "[No Variations]"
Add component (AddParameter): Name = "Part Number En"; Value = "GD32F407VGT6"; VariantName = "[No Variations]"
Add component (AddParameter): Name = "Part Number Ru"; Value = "GD32F407VGT6 LQFP-100"; VariantName = "[No Variations]"
Add component (AddParameter): Name = "Size"; Value = "LQFP-100"; VariantName = "[No Variations]"
Added Component: Designator=D?(SOT323-6L)
Add component (AddParameter): Name = "ComponentLink1Description"; Value = "Datasheet"; VariantName = "[No Variations]"
Add component (AddParameter): Name = "ComponentLink1URL"; Value = "https://static.chipdip.ru/lib/431/DOC012431632.pdf"; VariantName = "[No Variations]"
Added Component: Designator=R3(R0603)
Add component (AddParameter): Name = "Manufacturer"; Value = "YAGEO"; VariantName = "[No Variations]"
Add component (AddParameter): Name = "Manufacturer Part Number"; Value = "RC0603JR-070RL"; VariantName = "[No Variations]"
Add component (AddParameter): Name = "Nominal"; Value = "0"; VariantName = "[No Variations]"
Add component (AddParameter): Name = "Part Number"; Value = "0 0603"; VariantName = "[No Variations]"
Add component (AddParameter): Name = "Part Number En"; Value = "RES 0603 0"; VariantName = "[No Variations]"
Add component (AddParameter): Name = "Part Number Ru"; Value = "0 ־ל 0603"; VariantName = "[No Variations]"
Add component (AddParameter): Name = "Size"; Value = "0603"; VariantName = "[No Variations]"
Add component (AddParameter): Name = "Value"; Value = "120"; VariantName = "[No Variations]"
Added Component: Designator=R4(R0603)
Add component (AddParameter): Name = "Manufacturer"; Value = "YAGEO"; VariantName = "[No Variations]"
Add component (AddParameter): Name = "Manufacturer Part Number"; Value = "RC0603JR-070RL"; VariantName = "[No Variations]"
Add component (AddParameter): Name = "Nominal"; Value = "0"; VariantName = "[No Variations]"
Add component (AddParameter): Name = "Part Number"; Value = "0 0603"; VariantName = "[No Variations]"
Add component (AddParameter): Name = "Part Number En"; Value = "RES 0603 0"; VariantName = "[No Variations]"
Add component (AddParameter): Name = "Part Number Ru"; Value = "0 ־ל 0603"; VariantName = "[No Variations]"
Add component (AddParameter): Name = "Size"; Value = "0603"; VariantName = "[No Variations]"
Add component (AddParameter): Name = "Value"; Value = "120"; VariantName = "[No Variations]"
Added Component: Designator=R7(R0603)
Add component (AddParameter): Name = "Manufacturer"; Value = "YAGEO"; VariantName = "[No Variations]"
Add component (AddParameter): Name = "Manufacturer Part Number"; Value = "RC0603JR-070RL"; VariantName = "[No Variations]"
Add component (AddParameter): Name = "Nominal"; Value = "0"; VariantName = "[No Variations]"
Add component (AddParameter): Name = "Part Number"; Value = "0 0603"; VariantName = "[No Variations]"
Add component (AddParameter): Name = "Part Number En"; Value = "RES 0603 0"; VariantName = "[No Variations]"
Add component (AddParameter): Name = "Part Number Ru"; Value = "0 ־ל 0603"; VariantName = "[No Variations]"
Add component (AddParameter): Name = "Size"; Value = "0603"; VariantName = "[No Variations]"
Add component (AddParameter): Name = "Value"; Value = "120"; VariantName = "[No Variations]"
Added Component: Designator=R8(3266W)
Add component (AddParameter): Name = "Nominal"; Value = "10k"; VariantName = "[No Variations]"
Add component (AddParameter): Name = "Part Number"; Value = "3266W ±10% 10K"; VariantName = "[No Variations]"
Add component (AddParameter): Name = "Part Number En"; Value = "3266W ±10% 10K"; VariantName = "[No Variations]"
Add component (AddParameter): Name = "Part Number Ru"; Value = "3266W ±10% 10K"; VariantName = "[No Variations]"
Add component (AddParameter): Name = "Power"; Value = "0,75 ֲע"; VariantName = "[No Variations]"
Add component (AddParameter): Name = "Size"; Value = "3266W"; VariantName = "[No Variations]"
Add component (AddParameter): Name = "Tolerance"; Value = "±10%"; VariantName = "[No Variations]"
Add component (AddParameter): Name = "TU"; Value = "RUICHI"; VariantName = "[No Variations]"
Add component (AddParameter): Name = "Value"; Value = "10k"; VariantName = "[No Variations]"
Added Component: Designator=R9(3266W)
Add component (AddParameter): Name = "Nominal"; Value = "10k"; VariantName = "[No Variations]"
Add component (AddParameter): Name = "Part Number"; Value = "3266W ±10% 10K"; VariantName = "[No Variations]"
Add component (AddParameter): Name = "Part Number En"; Value = "3266W ±10% 10K"; VariantName = "[No Variations]"
Add component (AddParameter): Name = "Part Number Ru"; Value = "3266W ±10% 10K"; VariantName = "[No Variations]"
Add component (AddParameter): Name = "Power"; Value = "0,75 ֲע"; VariantName = "[No Variations]"
Add component (AddParameter): Name = "Size"; Value = "3266W"; VariantName = "[No Variations]"
Add component (AddParameter): Name = "Tolerance"; Value = "±10%"; VariantName = "[No Variations]"
Add component (AddParameter): Name = "TU"; Value = "RUICHI"; VariantName = "[No Variations]"
Add component (AddParameter): Name = "Value"; Value = "10k"; VariantName = "[No Variations]"
Added Component: Designator=R10(R0603)
Add component (AddParameter): Name = "Manufacturer"; Value = "YAGEO"; VariantName = "[No Variations]"
Add component (AddParameter): Name = "Manufacturer Part Number"; Value = "RC0603JR-070RL"; VariantName = "[No Variations]"
Add component (AddParameter): Name = "Nominal"; Value = "0"; VariantName = "[No Variations]"
Add component (AddParameter): Name = "Part Number"; Value = "0 0603"; VariantName = "[No Variations]"
Add component (AddParameter): Name = "Part Number En"; Value = "RES 0603 0"; VariantName = "[No Variations]"
Add component (AddParameter): Name = "Part Number Ru"; Value = "0 ־ל 0603"; VariantName = "[No Variations]"
Add component (AddParameter): Name = "Size"; Value = "0603"; VariantName = "[No Variations]"
Add component (AddParameter): Name = "Value"; Value = "10k"; VariantName = "[No Variations]"
Added Component: Designator=R11(R0603)
Add component (AddParameter): Name = "Manufacturer"; Value = "YAGEO"; VariantName = "[No Variations]"
Add component (AddParameter): Name = "Manufacturer Part Number"; Value = "RC0603JR-070RL"; VariantName = "[No Variations]"
Add component (AddParameter): Name = "Nominal"; Value = "0"; VariantName = "[No Variations]"
Add component (AddParameter): Name = "Part Number"; Value = "0 0603"; VariantName = "[No Variations]"
Add component (AddParameter): Name = "Part Number En"; Value = "RES 0603 0"; VariantName = "[No Variations]"
Add component (AddParameter): Name = "Part Number Ru"; Value = "0 ־ל 0603"; VariantName = "[No Variations]"
Add component (AddParameter): Name = "Size"; Value = "0603"; VariantName = "[No Variations]"
Add component (AddParameter): Name = "Value"; Value = "10k"; VariantName = "[No Variations]"
Added Component: Designator=R12(R0603)
Add component (AddParameter): Name = "Manufacturer"; Value = "YAGEO"; VariantName = "[No Variations]"
Add component (AddParameter): Name = "Manufacturer Part Number"; Value = "RC0603JR-070RL"; VariantName = "[No Variations]"
Add component (AddParameter): Name = "Nominal"; Value = "0"; VariantName = "[No Variations]"
Add component (AddParameter): Name = "Part Number"; Value = "0 0603"; VariantName = "[No Variations]"
Add component (AddParameter): Name = "Part Number En"; Value = "RES 0603 0"; VariantName = "[No Variations]"
Add component (AddParameter): Name = "Part Number Ru"; Value = "0 ־ל 0603"; VariantName = "[No Variations]"
Add component (AddParameter): Name = "Size"; Value = "0603"; VariantName = "[No Variations]"
Add component (AddParameter): Name = "Value"; Value = "10k"; VariantName = "[No Variations]"
Added Component: Designator=R13(R0603)
Add component (AddParameter): Name = "Manufacturer"; Value = "YAGEO"; VariantName = "[No Variations]"
Add component (AddParameter): Name = "Manufacturer Part Number"; Value = "RC0603JR-070RL"; VariantName = "[No Variations]"
Add component (AddParameter): Name = "Nominal"; Value = "0"; VariantName = "[No Variations]"
Add component (AddParameter): Name = "Part Number"; Value = "0 0603"; VariantName = "[No Variations]"
Add component (AddParameter): Name = "Part Number En"; Value = "RES 0603 0"; VariantName = "[No Variations]"
Add component (AddParameter): Name = "Part Number Ru"; Value = "0 ־ל 0603"; VariantName = "[No Variations]"
Add component (AddParameter): Name = "Size"; Value = "0603"; VariantName = "[No Variations]"
Add component (AddParameter): Name = "Value"; Value = "10k"; VariantName = "[No Variations]"
Added Component: Designator=R14(R0603)
Add component (AddParameter): Name = "Manufacturer"; Value = "YAGEO"; VariantName = "[No Variations]"
Add component (AddParameter): Name = "Manufacturer Part Number"; Value = "RC0603JR-070RL"; VariantName = "[No Variations]"
Add component (AddParameter): Name = "Nominal"; Value = "0"; VariantName = "[No Variations]"
Add component (AddParameter): Name = "Part Number"; Value = "0 0603"; VariantName = "[No Variations]"
Add component (AddParameter): Name = "Part Number En"; Value = "RES 0603 0"; VariantName = "[No Variations]"
Add component (AddParameter): Name = "Part Number Ru"; Value = "0 ־ל 0603"; VariantName = "[No Variations]"
Add component (AddParameter): Name = "Size"; Value = "0603"; VariantName = "[No Variations]"
Add component (AddParameter): Name = "Value"; Value = "10k"; VariantName = "[No Variations]"
Added Component: Designator=R15(R0603)
Add component (AddParameter): Name = "Manufacturer"; Value = "YAGEO"; VariantName = "[No Variations]"
Add component (AddParameter): Name = "Manufacturer Part Number"; Value = "RC0603JR-070RL"; VariantName = "[No Variations]"
Add component (AddParameter): Name = "Nominal"; Value = "0"; VariantName = "[No Variations]"
Add component (AddParameter): Name = "Part Number"; Value = "0 0603"; VariantName = "[No Variations]"
Add component (AddParameter): Name = "Part Number En"; Value = "RES 0603 0"; VariantName = "[No Variations]"
Add component (AddParameter): Name = "Part Number Ru"; Value = "0 ־ל 0603"; VariantName = "[No Variations]"
Add component (AddParameter): Name = "Size"; Value = "0603"; VariantName = "[No Variations]"
Add component (AddParameter): Name = "Value"; Value = "10k"; VariantName = "[No Variations]"
Added Component: Designator=R16(R0603)
Add component (AddParameter): Name = "Manufacturer"; Value = "YAGEO"; VariantName = "[No Variations]"
Add component (AddParameter): Name = "Manufacturer Part Number"; Value = "RC0603JR-070RL"; VariantName = "[No Variations]"
Add component (AddParameter): Name = "Nominal"; Value = "0"; VariantName = "[No Variations]"
Add component (AddParameter): Name = "Part Number"; Value = "0 0603"; VariantName = "[No Variations]"
Add component (AddParameter): Name = "Part Number En"; Value = "RES 0603 0"; VariantName = "[No Variations]"
Add component (AddParameter): Name = "Part Number Ru"; Value = "0 ־ל 0603"; VariantName = "[No Variations]"
Add component (AddParameter): Name = "Size"; Value = "0603"; VariantName = "[No Variations]"
Add component (AddParameter): Name = "Value"; Value = "3090"; VariantName = "[No Variations]"
Added Component: Designator=R17(R0603)
Add component (AddParameter): Name = "Manufacturer"; Value = "YAGEO"; VariantName = "[No Variations]"
Add component (AddParameter): Name = "Manufacturer Part Number"; Value = "RC0603JR-070RL"; VariantName = "[No Variations]"
Add component (AddParameter): Name = "Nominal"; Value = "0"; VariantName = "[No Variations]"
Add component (AddParameter): Name = "Part Number"; Value = "0 0603"; VariantName = "[No Variations]"
Add component (AddParameter): Name = "Part Number En"; Value = "RES 0603 0"; VariantName = "[No Variations]"
Add component (AddParameter): Name = "Part Number Ru"; Value = "0 ־ל 0603"; VariantName = "[No Variations]"
Add component (AddParameter): Name = "Size"; Value = "0603"; VariantName = "[No Variations]"
Add component (AddParameter): Name = "Value"; Value = "3090"; VariantName = "[No Variations]"
Added Component: Designator=R18(R0603)
Add component (AddParameter): Name = "Manufacturer"; Value = "YAGEO"; VariantName = "[No Variations]"
Add component (AddParameter): Name = "Manufacturer Part Number"; Value = "RC0603JR-070RL"; VariantName = "[No Variations]"
Add component (AddParameter): Name = "Nominal"; Value = "0"; VariantName = "[No Variations]"
Add component (AddParameter): Name = "Part Number"; Value = "0 0603"; VariantName = "[No Variations]"
Add component (AddParameter): Name = "Part Number En"; Value = "RES 0603 0"; VariantName = "[No Variations]"
Add component (AddParameter): Name = "Part Number Ru"; Value = "0 ־ל 0603"; VariantName = "[No Variations]"
Add component (AddParameter): Name = "Size"; Value = "0603"; VariantName = "[No Variations]"
Add component (AddParameter): Name = "Value"; Value = "5.8k"; VariantName = "[No Variations]"
Added Component: Designator=R19(R0603)
Add component (AddParameter): Name = "Manufacturer"; Value = "YAGEO"; VariantName = "[No Variations]"
Add component (AddParameter): Name = "Manufacturer Part Number"; Value = "RC0603JR-070RL"; VariantName = "[No Variations]"
Add component (AddParameter): Name = "Nominal"; Value = "0"; VariantName = "[No Variations]"
Add component (AddParameter): Name = "Part Number"; Value = "0 0603"; VariantName = "[No Variations]"
Add component (AddParameter): Name = "Part Number En"; Value = "RES 0603 0"; VariantName = "[No Variations]"
Add component (AddParameter): Name = "Part Number Ru"; Value = "0 ־ל 0603"; VariantName = "[No Variations]"
Add component (AddParameter): Name = "Size"; Value = "0603"; VariantName = "[No Variations]"
Add component (AddParameter): Name = "Value"; Value = "10 k"; VariantName = "[No Variations]"
Added Component: Designator=R20(R0603)
Add component (AddParameter): Name = "Manufacturer"; Value = "YAGEO"; VariantName = "[No Variations]"
Add component (AddParameter): Name = "Manufacturer Part Number"; Value = "RC0603JR-070RL"; VariantName = "[No Variations]"
Add component (AddParameter): Name = "Nominal"; Value = "0"; VariantName = "[No Variations]"
Add component (AddParameter): Name = "Part Number"; Value = "0 0603"; VariantName = "[No Variations]"
Add component (AddParameter): Name = "Part Number En"; Value = "RES 0603 0"; VariantName = "[No Variations]"
Add component (AddParameter): Name = "Part Number Ru"; Value = "0 ־ל 0603"; VariantName = "[No Variations]"
Add component (AddParameter): Name = "Size"; Value = "0603"; VariantName = "[No Variations]"
Add component (AddParameter): Name = "Value"; Value = "3090"; VariantName = "[No Variations]"
Added Component: Designator=R21(R0603)
Add component (AddParameter): Name = "Manufacturer"; Value = "YAGEO"; VariantName = "[No Variations]"
Add component (AddParameter): Name = "Manufacturer Part Number"; Value = "RC0603JR-070RL"; VariantName = "[No Variations]"
Add component (AddParameter): Name = "Nominal"; Value = "0"; VariantName = "[No Variations]"
Add component (AddParameter): Name = "Part Number"; Value = "0 0603"; VariantName = "[No Variations]"
Add component (AddParameter): Name = "Part Number En"; Value = "RES 0603 0"; VariantName = "[No Variations]"
Add component (AddParameter): Name = "Part Number Ru"; Value = "0 ־ל 0603"; VariantName = "[No Variations]"
Add component (AddParameter): Name = "Size"; Value = "0603"; VariantName = "[No Variations]"
Add component (AddParameter): Name = "Value"; Value = "3090"; VariantName = "[No Variations]"
Added Component: Designator=R22(R0603)
Add component (AddParameter): Name = "Manufacturer"; Value = "YAGEO"; VariantName = "[No Variations]"
Add component (AddParameter): Name = "Manufacturer Part Number"; Value = "RC0603JR-070RL"; VariantName = "[No Variations]"
Add component (AddParameter): Name = "Nominal"; Value = "0"; VariantName = "[No Variations]"
Add component (AddParameter): Name = "Part Number"; Value = "0 0603"; VariantName = "[No Variations]"
Add component (AddParameter): Name = "Part Number En"; Value = "RES 0603 0"; VariantName = "[No Variations]"
Add component (AddParameter): Name = "Part Number Ru"; Value = "0 ־ל 0603"; VariantName = "[No Variations]"
Add component (AddParameter): Name = "Size"; Value = "0603"; VariantName = "[No Variations]"
Add component (AddParameter): Name = "Value"; Value = "5.8k"; VariantName = "[No Variations]"
Added Component: Designator=R23(R0603)
Add component (AddParameter): Name = "Manufacturer"; Value = "YAGEO"; VariantName = "[No Variations]"
Add component (AddParameter): Name = "Manufacturer Part Number"; Value = "RC0603JR-070RL"; VariantName = "[No Variations]"
Add component (AddParameter): Name = "Nominal"; Value = "0"; VariantName = "[No Variations]"
Add component (AddParameter): Name = "Part Number"; Value = "0 0603"; VariantName = "[No Variations]"
Add component (AddParameter): Name = "Part Number En"; Value = "RES 0603 0"; VariantName = "[No Variations]"
Add component (AddParameter): Name = "Part Number Ru"; Value = "0 ־ל 0603"; VariantName = "[No Variations]"
Add component (AddParameter): Name = "Size"; Value = "0603"; VariantName = "[No Variations]"
Add component (AddParameter): Name = "Value"; Value = "10 k"; VariantName = "[No Variations]"
Added Component: Designator=R24(R0603)
Add component (AddParameter): Name = "Manufacturer"; Value = "YAGEO"; VariantName = "[No Variations]"
Add component (AddParameter): Name = "Manufacturer Part Number"; Value = "RC0603JR-070RL"; VariantName = "[No Variations]"
Add component (AddParameter): Name = "Nominal"; Value = "0"; VariantName = "[No Variations]"
Add component (AddParameter): Name = "Part Number"; Value = "0 0603"; VariantName = "[No Variations]"
Add component (AddParameter): Name = "Part Number En"; Value = "RES 0603 0"; VariantName = "[No Variations]"
Add component (AddParameter): Name = "Part Number Ru"; Value = "0 ־ל 0603"; VariantName = "[No Variations]"
Add component (AddParameter): Name = "Size"; Value = "0603"; VariantName = "[No Variations]"
Add component (AddParameter): Name = "Value"; Value = "500"; VariantName = "[No Variations]"
Added Component: Designator=R25(R0603)
Add component (AddParameter): Name = "Manufacturer"; Value = "YAGEO"; VariantName = "[No Variations]"
Add component (AddParameter): Name = "Manufacturer Part Number"; Value = "RC0603JR-070RL"; VariantName = "[No Variations]"
Add component (AddParameter): Name = "Nominal"; Value = "0"; VariantName = "[No Variations]"
Add component (AddParameter): Name = "Part Number"; Value = "0 0603"; VariantName = "[No Variations]"
Add component (AddParameter): Name = "Part Number En"; Value = "RES 0603 0"; VariantName = "[No Variations]"
Add component (AddParameter): Name = "Part Number Ru"; Value = "0 ־ל 0603"; VariantName = "[No Variations]"
Add component (AddParameter): Name = "Size"; Value = "0603"; VariantName = "[No Variations]"
Add component (AddParameter): Name = "Value"; Value = "500"; VariantName = "[No Variations]"
Added Component: Designator=R26(R0603)
Add component (AddParameter): Name = "Manufacturer"; Value = "YAGEO"; VariantName = "[No Variations]"
Add component (AddParameter): Name = "Manufacturer Part Number"; Value = "RC0603JR-070RL"; VariantName = "[No Variations]"
Add component (AddParameter): Name = "Nominal"; Value = "0"; VariantName = "[No Variations]"
Add component (AddParameter): Name = "Part Number"; Value = "0 0603"; VariantName = "[No Variations]"
Add component (AddParameter): Name = "Part Number En"; Value = "RES 0603 0"; VariantName = "[No Variations]"
Add component (AddParameter): Name = "Part Number Ru"; Value = "0 ־ל 0603"; VariantName = "[No Variations]"
Add component (AddParameter): Name = "Size"; Value = "0603"; VariantName = "[No Variations]"
Add component (AddParameter): Name = "Value"; Value = "500"; VariantName = "[No Variations]"
Added Component: Designator=R27(R0603)
Add component (AddParameter): Name = "Manufacturer"; Value = "YAGEO"; VariantName = "[No Variations]"
Add component (AddParameter): Name = "Manufacturer Part Number"; Value = "RC0603JR-070RL"; VariantName = "[No Variations]"
Add component (AddParameter): Name = "Nominal"; Value = "0"; VariantName = "[No Variations]"
Add component (AddParameter): Name = "Part Number"; Value = "0 0603"; VariantName = "[No Variations]"
Add component (AddParameter): Name = "Part Number En"; Value = "RES 0603 0"; VariantName = "[No Variations]"
Add component (AddParameter): Name = "Part Number Ru"; Value = "0 ־ל 0603"; VariantName = "[No Variations]"
Add component (AddParameter): Name = "Size"; Value = "0603"; VariantName = "[No Variations]"
Add component (AddParameter): Name = "Value"; Value = "500"; VariantName = "[No Variations]"
Added Component: Designator=R28(R0603)
Add component (AddParameter): Name = "Manufacturer"; Value = "YAGEO"; VariantName = "[No Variations]"
Add component (AddParameter): Name = "Manufacturer Part Number"; Value = "RC0603JR-070RL"; VariantName = "[No Variations]"
Add component (AddParameter): Name = "Nominal"; Value = "0"; VariantName = "[No Variations]"
Add component (AddParameter): Name = "Part Number"; Value = "0 0603"; VariantName = "[No Variations]"
Add component (AddParameter): Name = "Part Number En"; Value = "RES 0603 0"; VariantName = "[No Variations]"
Add component (AddParameter): Name = "Part Number Ru"; Value = "0 ־ל 0603"; VariantName = "[No Variations]"
Add component (AddParameter): Name = "Size"; Value = "0603"; VariantName = "[No Variations]"
Add component (AddParameter): Name = "Value"; Value = "500"; VariantName = "[No Variations]"
Added Component: Designator=R29(R0603)
Add component (AddParameter): Name = "Manufacturer"; Value = "YAGEO"; VariantName = "[No Variations]"
Add component (AddParameter): Name = "Manufacturer Part Number"; Value = "RC0603JR-070RL"; VariantName = "[No Variations]"
Add component (AddParameter): Name = "Nominal"; Value = "0"; VariantName = "[No Variations]"
Add component (AddParameter): Name = "Part Number"; Value = "0 0603"; VariantName = "[No Variations]"
Add component (AddParameter): Name = "Part Number En"; Value = "RES 0603 0"; VariantName = "[No Variations]"
Add component (AddParameter): Name = "Part Number Ru"; Value = "0 ־ל 0603"; VariantName = "[No Variations]"
Add component (AddParameter): Name = "Size"; Value = "0603"; VariantName = "[No Variations]"
Add component (AddParameter): Name = "Value"; Value = "500"; VariantName = "[No Variations]"
Added Component: Designator=R30(R0603)
Add component (AddParameter): Name = "Manufacturer"; Value = "YAGEO"; VariantName = "[No Variations]"
Add component (AddParameter): Name = "Manufacturer Part Number"; Value = "RC0603JR-070RL"; VariantName = "[No Variations]"
Add component (AddParameter): Name = "Nominal"; Value = "0"; VariantName = "[No Variations]"
Add component (AddParameter): Name = "Part Number"; Value = "0 0603"; VariantName = "[No Variations]"
Add component (AddParameter): Name = "Part Number En"; Value = "RES 0603 0"; VariantName = "[No Variations]"
Add component (AddParameter): Name = "Part Number Ru"; Value = "0 ־ל 0603"; VariantName = "[No Variations]"
Add component (AddParameter): Name = "Size"; Value = "0603"; VariantName = "[No Variations]"
Add component (AddParameter): Name = "Value"; Value = "10k"; VariantName = "[No Variations]"
Added Component: Designator=SB1(BUT: FSM10J)
Add component (AddParameter): Name = "Manufacturer"; Value = "TE Connectivity"; VariantName = "[No Variations]"
Add component (AddParameter): Name = "Part Number"; Value = "FSM10JH"; VariantName = "[No Variations]"
Add component (AddParameter): Name = "Part Number En"; Value = "FSM10JH"; VariantName = "[No Variations]"
Add component (AddParameter): Name = "Part Number Ru"; Value = "FSM10JH"; VariantName = "[No Variations]"
Added Component: Designator=SB2(BUT: FSM10J)
Add component (AddParameter): Name = "Manufacturer"; Value = "TE Connectivity"; VariantName = "[No Variations]"
Add component (AddParameter): Name = "Part Number"; Value = "FSM10JH"; VariantName = "[No Variations]"
Add component (AddParameter): Name = "Part Number En"; Value = "FSM10JH"; VariantName = "[No Variations]"
Add component (AddParameter): Name = "Part Number Ru"; Value = "FSM10JH"; VariantName = "[No Variations]"
Added Component: Designator=SB3(BUT: FSM10J)
Add component (AddParameter): Name = "Manufacturer"; Value = "TE Connectivity"; VariantName = "[No Variations]"
Add component (AddParameter): Name = "Part Number"; Value = "FSM10JH"; VariantName = "[No Variations]"
Add component (AddParameter): Name = "Part Number En"; Value = "FSM10JH"; VariantName = "[No Variations]"
Add component (AddParameter): Name = "Part Number Ru"; Value = "FSM10JH"; VariantName = "[No Variations]"
Added Component: Designator=SB4(BUT: FSM10J)
Add component (AddParameter): Name = "Manufacturer"; Value = "TE Connectivity"; VariantName = "[No Variations]"
Add component (AddParameter): Name = "Part Number"; Value = "FSM10JH"; VariantName = "[No Variations]"
Add component (AddParameter): Name = "Part Number En"; Value = "FSM10JH"; VariantName = "[No Variations]"
Add component (AddParameter): Name = "Part Number Ru"; Value = "FSM10JH"; VariantName = "[No Variations]"
Added Component: Designator=SB5(BUT: FSM10J)
Add component (AddParameter): Name = "Manufacturer"; Value = "TE Connectivity"; VariantName = "[No Variations]"
Add component (AddParameter): Name = "Part Number"; Value = "FSM10JH"; VariantName = "[No Variations]"
Add component (AddParameter): Name = "Part Number En"; Value = "FSM10JH"; VariantName = "[No Variations]"
Add component (AddParameter): Name = "Part Number Ru"; Value = "FSM10JH"; VariantName = "[No Variations]"
Added Component: Designator=XP1(USB-MICRO)
Add component (AddParameter): Name = "Manufacturer"; Value = "Molex"; VariantName = "[No Variations]"
Add component (AddParameter): Name = "Part Number"; Value = "105017-0001"; VariantName = "[No Variations]"
Add component (AddParameter): Name = "Part Number En"; Value = "105017-0001"; VariantName = "[No Variations]"
Add component (AddParameter): Name = "Part Number Ru"; Value = "105017-0001"; VariantName = "[No Variations]"
Add component (AddParameter): Name = "ײון1"; Value = "VCC"; VariantName = "[No Variations]"
Add component (AddParameter): Name = "ײון2"; Value = "D-"; VariantName = "[No Variations]"
Add component (AddParameter): Name = "ײון3"; Value = "D+"; VariantName = "[No Variations]"
Add component (AddParameter): Name = "ײון4"; Value = "ID"; VariantName = "[No Variations]"
Add component (AddParameter): Name = "ײון5"; Value = "GND"; VariantName = "[No Variations]"
Added Component: Designator=XP2(PLS-5)
Add component (AddParameter): Name = "Manufacturer"; Value = "CONNFLY"; VariantName = "[No Variations]"
Add component (AddParameter): Name = "Part Number"; Value = "DS1021-1*5SF1-1"; VariantName = "[No Variations]"
Add component (AddParameter): Name = "Part Number En"; Value = "DS1021-1*5SF1-1"; VariantName = "[No Variations]"
Add component (AddParameter): Name = "Part Number Ru"; Value = "DS1021-1*5SF1-1"; VariantName = "[No Variations]"
Add component (AddParameter): Name = "ײון1"; Value = "{ײון1}"; VariantName = "[No Variations]"
Add component (AddParameter): Name = "ײון2"; Value = "{ײון2}"; VariantName = "[No Variations]"
Add component (AddParameter): Name = "ײון3"; Value = "{ײון3}"; VariantName = "[No Variations]"
Add component (AddParameter): Name = "ײון4"; Value = "{ײון4}"; VariantName = "[No Variations]"
Add component (AddParameter): Name = "ײון5"; Value = "{ײון5}"; VariantName = "[No Variations]"
Added Component: Designator=XP3(PLS-5)
Add component (AddParameter): Name = "Manufacturer"; Value = "CONNFLY"; VariantName = "[No Variations]"
Add component (AddParameter): Name = "Part Number"; Value = "DS1021-1*5SF1-1"; VariantName = "[No Variations]"
Add component (AddParameter): Name = "Part Number En"; Value = "DS1021-1*5SF1-1"; VariantName = "[No Variations]"
Add component (AddParameter): Name = "Part Number Ru"; Value = "DS1021-1*5SF1-1"; VariantName = "[No Variations]"
Add component (AddParameter): Name = "ײון1"; Value = "{ײון1}"; VariantName = "[No Variations]"
Add component (AddParameter): Name = "ײון2"; Value = "{ײון2}"; VariantName = "[No Variations]"
Add component (AddParameter): Name = "ײון3"; Value = "{ײון3}"; VariantName = "[No Variations]"
Add component (AddParameter): Name = "ײון4"; Value = "{ײון4}"; VariantName = "[No Variations]"
Add component (AddParameter): Name = "ײון5"; Value = "{ײון5}"; VariantName = "[No Variations]"
Added Component: Designator=XP4(PLS-4)
Add component (AddParameter): Name = "Manufacturer"; Value = "CONNFLY"; VariantName = "[No Variations]"
Add component (AddParameter): Name = "Part Number"; Value = "DS1021-1*4SF1-1"; VariantName = "[No Variations]"
Add component (AddParameter): Name = "Part Number En"; Value = "DS1021-1*4SF1-1"; VariantName = "[No Variations]"
Add component (AddParameter): Name = "Part Number Ru"; Value = "DS1021-1*4SF1-1"; VariantName = "[No Variations]"
Add component (AddParameter): Name = "ײון1"; Value = "{ײון1}"; VariantName = "[No Variations]"
Add component (AddParameter): Name = "ײון2"; Value = "{ײון2}"; VariantName = "[No Variations]"
Add component (AddParameter): Name = "ײון3"; Value = "{ײון3}"; VariantName = "[No Variations]"
Add component (AddParameter): Name = "ײון4"; Value = "{ײון4}"; VariantName = "[No Variations]"
Added Component: Designator=XP5(PLS-4)
Add component (AddParameter): Name = "Manufacturer"; Value = "CONNFLY"; VariantName = "[No Variations]"
Add component (AddParameter): Name = "Part Number"; Value = "DS1021-1*4SF1-1"; VariantName = "[No Variations]"
Add component (AddParameter): Name = "Part Number En"; Value = "DS1021-1*4SF1-1"; VariantName = "[No Variations]"
Add component (AddParameter): Name = "Part Number Ru"; Value = "DS1021-1*4SF1-1"; VariantName = "[No Variations]"
Add component (AddParameter): Name = "ײון1"; Value = "{ײון1}"; VariantName = "[No Variations]"
Add component (AddParameter): Name = "ײון2"; Value = "{ײון2}"; VariantName = "[No Variations]"
Add component (AddParameter): Name = "ײון3"; Value = "{ײון3}"; VariantName = "[No Variations]"
Add component (AddParameter): Name = "ײון4"; Value = "{ײון4}"; VariantName = "[No Variations]"
Added Component: Designator=XP6(2191SM-010G)
Add component (AddParameter): Name = "Manufacturer"; Value = "BENTEX"; VariantName = "[No Variations]"
Add component (AddParameter): Name = "Part Number"; Value = "2191SM-010G"; VariantName = "[No Variations]"
Add component (AddParameter): Name = "Part Number En"; Value = "2191SM-010G"; VariantName = "[No Variations]"
Add component (AddParameter): Name = "Part Number Ru"; Value = "2191SM-010G"; VariantName = "[No Variations]"
Add component (AddParameter): Name = "ײון1"; Value = "{ײון1}"; VariantName = "[No Variations]"
Add component (AddParameter): Name = "ײון2"; Value = "{ײון2}"; VariantName = "[No Variations]"
Add component (AddParameter): Name = "ײון3"; Value = "{ײון3}"; VariantName = "[No Variations]"
Add component (AddParameter): Name = "ײון4"; Value = "{ײון4}"; VariantName = "[No Variations]"
Add component (AddParameter): Name = "ײון5"; Value = "{ײון5}"; VariantName = "[No Variations]"
Add component (AddParameter): Name = "ײון6"; Value = "{ײון6}"; VariantName = "[No Variations]"
Add component (AddParameter): Name = "ײון7"; Value = "{ײון7}"; VariantName = "[No Variations]"
Add component (AddParameter): Name = "ײון8"; Value = "{ײון8}"; VariantName = "[No Variations]"
Add component (AddParameter): Name = "ײון9"; Value = "{ײון9}"; VariantName = "[No Variations]"
Add component (AddParameter): Name = "ײון10"; Value = "{ײון10}"; VariantName = "[No Variations]"
Added Component: Designator=XP7(PLS-2)
Add component (AddParameter): Name = "GND"; Value = "GND"; VariantName = "[No Variations]"
Add component (AddParameter): Name = "Manufacturer"; Value = "CONNFLY"; VariantName = "[No Variations]"
Add component (AddParameter): Name = "Part Number"; Value = "DS1021-1*2SF1-1"; VariantName = "[No Variations]"
Add component (AddParameter): Name = "Part Number En"; Value = "DS1021-1*2SF1-1"; VariantName = "[No Variations]"
Add component (AddParameter): Name = "Part Number Ru"; Value = "DS1021-1*2SF1-1"; VariantName = "[No Variations]"
Add component (AddParameter): Name = "Signal"; Value = "Signal"; VariantName = "[No Variations]"
Added Component: Designator=XP8(PLS-2)
Add component (AddParameter): Name = "GND"; Value = "GND"; VariantName = "[No Variations]"
Add component (AddParameter): Name = "Manufacturer"; Value = "CONNFLY"; VariantName = "[No Variations]"
Add component (AddParameter): Name = "Part Number"; Value = "DS1021-1*2SF1-1"; VariantName = "[No Variations]"
Add component (AddParameter): Name = "Part Number En"; Value = "DS1021-1*2SF1-1"; VariantName = "[No Variations]"
Add component (AddParameter): Name = "Part Number Ru"; Value = "DS1021-1*2SF1-1"; VariantName = "[No Variations]"
Add component (AddParameter): Name = "Signal"; Value = "Signal"; VariantName = "[No Variations]"
Added Component: Designator=XP9(PLS-3)
Add component (AddParameter): Name = "Manufacturer"; Value = "CONNFLY"; VariantName = "[No Variations]"
Add component (AddParameter): Name = "Part Number"; Value = "DS1021-1*3SF1-1"; VariantName = "[No Variations]"
Add component (AddParameter): Name = "Part Number En"; Value = "DS1021-1*3SF1-1"; VariantName = "[No Variations]"
Add component (AddParameter): Name = "Part Number Ru"; Value = "DS1021-1*3SF1-1"; VariantName = "[No Variations]"
Add component (AddParameter): Name = "ײון1"; Value = "USB+"; VariantName = "[No Variations]"
Add component (AddParameter): Name = "ײון2"; Value = "INPUT"; VariantName = "[No Variations]"
Add component (AddParameter): Name = "ײון3"; Value = "UD+"; VariantName = "[No Variations]"
Added Component: Designator=XP10(PLS-3)
Add component (AddParameter): Name = "Manufacturer"; Value = "CONNFLY"; VariantName = "[No Variations]"
Add component (AddParameter): Name = "Part Number"; Value = "DS1021-1*3SF1-1"; VariantName = "[No Variations]"
Add component (AddParameter): Name = "Part Number En"; Value = "DS1021-1*3SF1-1"; VariantName = "[No Variations]"
Add component (AddParameter): Name = "Part Number Ru"; Value = "DS1021-1*3SF1-1"; VariantName = "[No Variations]"
Add component (AddParameter): Name = "ײון1"; Value = "USB-"; VariantName = "[No Variations]"
Add component (AddParameter): Name = "ײון2"; Value = "INPUT"; VariantName = "[No Variations]"
Add component (AddParameter): Name = "ײון3"; Value = "UD-"; VariantName = "[No Variations]"
Added Component: Designator=XS1(DRB-9FA)
Add component (AddParameter): Name = "Manufacturer"; Value = "CONNFLY"; VariantName = "[No Variations]"
Add component (AddParameter): Name = "Part Number"; Value = "DRB-9FA"; VariantName = "[No Variations]"
Add component (AddParameter): Name = "Part Number En"; Value = "DRB-9FA"; VariantName = "[No Variations]"
Add component (AddParameter): Name = "Part Number Ru"; Value = "DRB-9FA"; VariantName = "[No Variations]"
Add component (AddParameter): Name = "ײון1"; Value = "A"; VariantName = "[No Variations]"
Add component (AddParameter): Name = "ײון2"; Value = "B"; VariantName = "[No Variations]"
Add component (AddParameter): Name = "ײון3"; Value = "{ײון3}"; VariantName = "[No Variations]"
Add component (AddParameter): Name = "ײון4"; Value = "{ײון4}"; VariantName = "[No Variations]"
Add component (AddParameter): Name = "ײון5"; Value = "GND"; VariantName = "[No Variations]"
Add component (AddParameter): Name = "ײון6"; Value = "{ײון6}"; VariantName = "[No Variations]"
Add component (AddParameter): Name = "ײון7"; Value = "{ײון7}"; VariantName = "[No Variations]"
Add component (AddParameter): Name = "ײון8"; Value = "{ײון8}"; VariantName = "[No Variations]"
Add component (AddParameter): Name = "ײון9"; Value = "{ײון9}"; VariantName = "[No Variations]"
Added Component: Designator=XS2(DRB-9FA)
Add component (AddParameter): Name = "Manufacturer"; Value = "CONNFLY"; VariantName = "[No Variations]"
Add component (AddParameter): Name = "Part Number"; Value = "DRB-9FA"; VariantName = "[No Variations]"
Add component (AddParameter): Name = "Part Number En"; Value = "DRB-9FA"; VariantName = "[No Variations]"
Add component (AddParameter): Name = "Part Number Ru"; Value = "DRB-9FA"; VariantName = "[No Variations]"
Add component (AddParameter): Name = "ײון1"; Value = "{ײון1}"; VariantName = "[No Variations]"
Add component (AddParameter): Name = "ײון2"; Value = "CANL"; VariantName = "[No Variations]"
Add component (AddParameter): Name = "ײון3"; Value = "GND"; VariantName = "[No Variations]"
Add component (AddParameter): Name = "ײון4"; Value = "{ײון4}"; VariantName = "[No Variations]"
Add component (AddParameter): Name = "ײון5"; Value = "{ײון5}"; VariantName = "[No Variations]"
Add component (AddParameter): Name = "ײון6"; Value = "GND"; VariantName = "[No Variations]"
Add component (AddParameter): Name = "ײון7"; Value = "CANH"; VariantName = "[No Variations]"
Add component (AddParameter): Name = "ײון8"; Value = "{ײון8}"; VariantName = "[No Variations]"
Add component (AddParameter): Name = "ײון9"; Value = "VCC"; VariantName = "[No Variations]"
Added Pin To Net: NetName=+3,3V Pin=C2-1
Added Pin To Net: NetName=+3,3V Pin=C3-1
Added Pin To Net: NetName=+3,3V Pin=C4-2
Added Pin To Net: NetName=+3,3V Pin=C8-1
Added Pin To Net: NetName=+3,3V Pin=C9-1
Added Pin To Net: NetName=+3,3V Pin=C10-1
Added Pin To Net: NetName=+3,3V Pin=C11-1
Added Pin To Net: NetName=+3,3V Pin=C12-1
Added Pin To Net: NetName=+3,3V Pin=C13-1
Added Pin To Net: NetName=+3,3V Pin=C14-1
Added Pin To Net: NetName=+3,3V Pin=C15-1
Added Pin To Net: NetName=+3,3V Pin=C16-1
Added Pin To Net: NetName=+3,3V Pin=C17-1
Added Pin To Net: NetName=+3,3V Pin=C20-1
Added Pin To Net: NetName=+3,3V Pin=C21-1
Added Pin To Net: NetName=+3,3V Pin=D1-5
Added Pin To Net: NetName=+3,3V Pin=D3-4
Added Pin To Net: NetName=+3,3V Pin=D3-16
Added Pin To Net: NetName=+3,3V Pin=D5-8
Added Pin To Net: NetName=+3,3V Pin=D7-6
Added Pin To Net: NetName=+3,3V Pin=D7-11
Added Pin To Net: NetName=+3,3V Pin=D7-19
Added Pin To Net: NetName=+3,3V Pin=D7-21
Added Pin To Net: NetName=+3,3V Pin=D7-22
Added Pin To Net: NetName=+3,3V Pin=D7-28
Added Pin To Net: NetName=+3,3V Pin=D7-50
Added Pin To Net: NetName=+3,3V Pin=D7-75
Added Pin To Net: NetName=+3,3V Pin=D7-100
Added Pin To Net: NetName=+3,3V Pin=D?-5
Added Pin To Net: NetName=+3,3V Pin=R8-1
Added Pin To Net: NetName=+3,3V Pin=R9-1
Added Pin To Net: NetName=+3,3V Pin=R30-1
Added Pin To Net: NetName=+3,3V Pin=SB1-2
Added Pin To Net: NetName=+3,3V Pin=SB1-2
Added Pin To Net: NetName=+3,3V Pin=SB3-2
Added Pin To Net: NetName=+3,3V Pin=SB3-2
Added Pin To Net: NetName=+3,3V Pin=SB4-2
Added Pin To Net: NetName=+3,3V Pin=SB4-2
Added Pin To Net: NetName=+3,3V Pin=SB5-2
Added Pin To Net: NetName=+3,3V Pin=SB5-2
Added Pin To Net: NetName=+3,3V Pin=XP6-1
Added Net: Name=+3,3V
Added Pin To Net: NetName=+5V Pin=C1-1
Added Pin To Net: NetName=+5V Pin=C7-2
Added Pin To Net: NetName=+5V Pin=D1-1
Added Pin To Net: NetName=+5V Pin=D6-3
Added Pin To Net: NetName=+5V Pin=D7-68
Added Pin To Net: NetName=+5V Pin=XP1-1
Added Net: Name=+5V
Added Pin To Net: NetName=ADC0 Pin=C25-2
Added Pin To Net: NetName=ADC0 Pin=D7-16
Added Pin To Net: NetName=ADC0 Pin=R8-2
Added Pin To Net: NetName=ADC0 Pin=R18-1
Added Pin To Net: NetName=ADC0 Pin=XP7-1
Added Net: Name=ADC0
Added Pin To Net: NetName=ADC1 Pin=C27-2
Added Pin To Net: NetName=ADC1 Pin=D7-17
Added Pin To Net: NetName=ADC1 Pin=R9-2
Added Pin To Net: NetName=ADC1 Pin=R22-1
Added Pin To Net: NetName=ADC1 Pin=XP8-1
Added Net: Name=ADC1
Added Pin To Net: NetName=CAN_RX Pin=D6-4
Added Pin To Net: NetName=CAN_RX Pin=D7-51
Added Net: Name=CAN_RX
Added Pin To Net: NetName=CAN_TX Pin=D6-1
Added Pin To Net: NetName=CAN_TX Pin=D7-52
Added Net: Name=CAN_TX
Added Pin To Net: NetName=DAC0 Pin=D7-29
Added Pin To Net: NetName=DAC0 Pin=R16-2
Added Net: Name=DAC0
Added Pin To Net: NetName=DAC1 Pin=D7-30
Added Pin To Net: NetName=DAC1 Pin=R20-2
Added Net: Name=DAC1
Added Pin To Net: NetName=DIRECT Pin=D5-2
Added Pin To Net: NetName=DIRECT Pin=D5-3
Added Pin To Net: NetName=DIRECT Pin=D7-53
Added Pin To Net: NetName=DIRECT Pin=R4-1
Added Net: Name=DIRECT
Added Pin To Net: NetName=GND Pin=C1-2
Added Pin To Net: NetName=GND Pin=C2-2
Added Pin To Net: NetName=GND Pin=C3-2
Added Pin To Net: NetName=GND Pin=C4-1
Added Pin To Net: NetName=GND Pin=C5-2
Added Pin To Net: NetName=GND Pin=C6-1
Added Pin To Net: NetName=GND Pin=C7-1
Added Pin To Net: NetName=GND Pin=C8-2
Added Pin To Net: NetName=GND Pin=C9-2
Added Pin To Net: NetName=GND Pin=C10-2
Added Pin To Net: NetName=GND Pin=C11-2
Added Pin To Net: NetName=GND Pin=C12-2
Added Pin To Net: NetName=GND Pin=C13-2
Added Pin To Net: NetName=GND Pin=C14-2
Added Pin To Net: NetName=GND Pin=C15-2
Added Pin To Net: NetName=GND Pin=C16-2
Added Pin To Net: NetName=GND Pin=C17-2
Added Pin To Net: NetName=GND Pin=C18-1
Added Pin To Net: NetName=GND Pin=C19-2
Added Pin To Net: NetName=GND Pin=C20-2
Added Pin To Net: NetName=GND Pin=C21-2
Added Pin To Net: NetName=GND Pin=C22-1
Added Pin To Net: NetName=GND Pin=C23-1
Added Pin To Net: NetName=GND Pin=C24-2
Added Pin To Net: NetName=GND Pin=C26-2
Added Pin To Net: NetName=GND Pin=C28-2
Added Pin To Net: NetName=GND Pin=D1-2
Added Pin To Net: NetName=GND Pin=D1-3
Added Pin To Net: NetName=GND Pin=D3-1
Added Pin To Net: NetName=GND Pin=D5-5
Added Pin To Net: NetName=GND Pin=D6-2
Added Pin To Net: NetName=GND Pin=D7-10
Added Pin To Net: NetName=GND Pin=D7-20
Added Pin To Net: NetName=GND Pin=D7-27
Added Pin To Net: NetName=GND Pin=D7-74
Added Pin To Net: NetName=GND Pin=D7-99
Added Pin To Net: NetName=GND Pin=D?-2
Added Pin To Net: NetName=GND Pin=R4-2
Added Pin To Net: NetName=GND Pin=R8-3
Added Pin To Net: NetName=GND Pin=R9-3
Added Pin To Net: NetName=GND Pin=R10-1
Added Pin To Net: NetName=GND Pin=R11-1
Added Pin To Net: NetName=GND Pin=R12-1
Added Pin To Net: NetName=GND Pin=R13-1
Added Pin To Net: NetName=GND Pin=R14-1
Added Pin To Net: NetName=GND Pin=R15-1
Added Pin To Net: NetName=GND Pin=R19-2
Added Pin To Net: NetName=GND Pin=R23-2
Added Pin To Net: NetName=GND Pin=SB2-1
Added Pin To Net: NetName=GND Pin=SB2-1
Added Pin To Net: NetName=GND Pin=XP1-5
Added Pin To Net: NetName=GND Pin=XP2-1
Added Pin To Net: NetName=GND Pin=XP5-4
Added Pin To Net: NetName=GND Pin=XP6-3
Added Pin To Net: NetName=GND Pin=XP7-2
Added Pin To Net: NetName=GND Pin=XP8-2
Added Pin To Net: NetName=GND Pin=XS1-5
Added Pin To Net: NetName=GND Pin=XS2-6
Added Net: Name=GND
Added Pin To Net: NetName=ID Pin=XP1-4
Added Net: Name=ID
Added Pin To Net: NetName=JTCK/SWCLK Pin=D7-76
Added Pin To Net: NetName=JTCK/SWCLK Pin=XP6-2
Added Net: Name=JTCK/SWCLK
Added Pin To Net: NetName=JTDO Pin=D7-89
Added Pin To Net: NetName=JTDO Pin=XP6-6
Added Net: Name=JTDO
Added Pin To Net: NetName=JTMS/SWDIO Pin=D7-72
Added Pin To Net: NetName=JTMS/SWDIO Pin=XP6-4
Added Net: Name=JTMS/SWDIO
Added Pin To Net: NetName=NetC5_1 Pin=C5-1
Added Pin To Net: NetName=NetC5_1 Pin=D3-7
Added Net: Name=NetC5_1
Added Pin To Net: NetName=NetC6_2 Pin=C6-2
Added Pin To Net: NetName=NetC6_2 Pin=D3-8
Added Net: Name=NetC6_2
Added Pin To Net: NetName=NetC18_2 Pin=C18-2
Added Pin To Net: NetName=NetC18_2 Pin=D7-8
Added Net: Name=NetC18_2
Added Pin To Net: NetName=NetC19_1 Pin=C19-1
Added Pin To Net: NetName=NetC19_1 Pin=D7-9
Added Net: Name=NetC19_1
Added Pin To Net: NetName=NetC23_2 Pin=C23-2
Added Pin To Net: NetName=NetC23_2 Pin=D7-12
Added Net: Name=NetC23_2
Added Pin To Net: NetName=NetC24_1 Pin=C24-1
Added Pin To Net: NetName=NetC24_1 Pin=D7-13
Added Net: Name=NetC24_1
Added Pin To Net: NetName=NetC25_1 Pin=C25-1
Added Pin To Net: NetName=NetC25_1 Pin=R16-1
Added Pin To Net: NetName=NetC25_1 Pin=R17-2
Added Net: Name=NetC25_1
Added Pin To Net: NetName=NetC26_1 Pin=C26-1
Added Pin To Net: NetName=NetC26_1 Pin=R17-1
Added Net: Name=NetC26_1
Added Pin To Net: NetName=NetC27_1 Pin=C27-1
Added Pin To Net: NetName=NetC27_1 Pin=R20-1
Added Pin To Net: NetName=NetC27_1 Pin=R21-2
Added Net: Name=NetC27_1
Added Pin To Net: NetName=NetC28_1 Pin=C28-1
Added Pin To Net: NetName=NetC28_1 Pin=R21-1
Added Net: Name=NetC28_1
Added Pin To Net: NetName=NetD3_5 Pin=D3-5
Added Pin To Net: NetName=NetD3_5 Pin=XP9-3
Added Net: Name=NetD3_5
Added Pin To Net: NetName=NetD3_6 Pin=D3-6
Added Pin To Net: NetName=NetD3_6 Pin=XP10-3
Added Net: Name=NetD3_6
Added Pin To Net: NetName=NetD5_6 Pin=D5-6
Added Pin To Net: NetName=NetD5_6 Pin=R3-2
Added Pin To Net: NetName=NetD5_6 Pin=XS1-1
Added Net: Name=NetD5_6
Added Pin To Net: NetName=NetD5_7 Pin=D5-7
Added Pin To Net: NetName=NetD5_7 Pin=R3-1
Added Pin To Net: NetName=NetD5_7 Pin=XS1-2
Added Net: Name=NetD5_7
Added Pin To Net: NetName=NetD6_6 Pin=D6-6
Added Pin To Net: NetName=NetD6_6 Pin=R7-2
Added Pin To Net: NetName=NetD6_6 Pin=XS2-2
Added Net: Name=NetD6_6
Added Pin To Net: NetName=NetD6_7 Pin=D6-7
Added Pin To Net: NetName=NetD6_7 Pin=R7-1
Added Pin To Net: NetName=NetD6_7 Pin=XS2-7
Added Net: Name=NetD6_7
Added Pin To Net: NetName=NetD7_34 Pin=D7-34
Added Pin To Net: NetName=NetD7_34 Pin=R24-1
Added Net: Name=NetD7_34
Added Pin To Net: NetName=NetD7_37 Pin=D7-37
Added Pin To Net: NetName=NetD7_37 Pin=R10-2
Added Net: Name=NetD7_37
Added Pin To Net: NetName=NetD7_63 Pin=D7-63
Added Pin To Net: NetName=NetD7_63 Pin=R25-1
Added Net: Name=NetD7_63
Added Pin To Net: NetName=NetD7_64 Pin=D7-64
Added Pin To Net: NetName=NetD7_64 Pin=R26-1
Added Net: Name=NetD7_64
Added Pin To Net: NetName=NetD7_65 Pin=D7-65
Added Pin To Net: NetName=NetD7_65 Pin=R27-1
Added Net: Name=NetD7_65
Added Pin To Net: NetName=NetD7_66 Pin=D7-66
Added Pin To Net: NetName=NetD7_66 Pin=R28-1
Added Net: Name=NetD7_66
Added Pin To Net: NetName=NetD7_78 Pin=D7-78
Added Pin To Net: NetName=NetD7_78 Pin=R29-1
Added Net: Name=NetD7_78
Added Pin To Net: NetName=NetD7_92 Pin=D7-92
Added Pin To Net: NetName=NetD7_92 Pin=R12-2
Added Pin To Net: NetName=NetD7_92 Pin=SB1-1
Added Pin To Net: NetName=NetD7_92 Pin=SB1-1
Added Net: Name=NetD7_92
Added Pin To Net: NetName=NetD7_93 Pin=D7-93
Added Pin To Net: NetName=NetD7_93 Pin=R13-2
Added Pin To Net: NetName=NetD7_93 Pin=SB3-1
Added Pin To Net: NetName=NetD7_93 Pin=SB3-1
Added Net: Name=NetD7_93
Added Pin To Net: NetName=NetD7_94 Pin=D7-94
Added Pin To Net: NetName=NetD7_94 Pin=R11-2
Added Net: Name=NetD7_94
Added Pin To Net: NetName=NetD7_95 Pin=D7-95
Added Pin To Net: NetName=NetD7_95 Pin=R14-2
Added Pin To Net: NetName=NetD7_95 Pin=SB4-1
Added Pin To Net: NetName=NetD7_95 Pin=SB4-1
Added Net: Name=NetD7_95
Added Pin To Net: NetName=NetD7_96 Pin=D7-96
Added Pin To Net: NetName=NetD7_96 Pin=R15-2
Added Pin To Net: NetName=NetD7_96 Pin=SB5-1
Added Pin To Net: NetName=NetD7_96 Pin=SB5-1
Added Net: Name=NetD7_96
Added Pin To Net: NetName=NetD8_1 Pin=R29-2
Added Net: Name=NetD8_1
Added Pin To Net: NetName=NetD9_1 Pin=R28-2
Added Net: Name=NetD9_1
Added Pin To Net: NetName=NetD10_1 Pin=R27-2
Added Net: Name=NetD10_1
Added Pin To Net: NetName=NetD11_1 Pin=R26-2
Added Net: Name=NetD11_1
Added Pin To Net: NetName=NetD12_1 Pin=R25-2
Added Net: Name=NetD12_1
Added Pin To Net: NetName=NetD13_1 Pin=R24-2
Added Net: Name=NetD13_1
Added Pin To Net: NetName=NetD?_4 Pin=D?-4
Added Pin To Net: NetName=NetD?_4 Pin=XP10-2
Added Net: Name=NetD?_4
Added Pin To Net: NetName=NetD?_6 Pin=D?-6
Added Pin To Net: NetName=NetD?_6 Pin=XP9-2
Added Net: Name=NetD?_6
Added Pin To Net: NetName=NetR18_2 Pin=R18-2
Added Pin To Net: NetName=NetR18_2 Pin=R19-1
Added Net: Name=NetR18_2
Added Pin To Net: NetName=NetR22_2 Pin=R22-2
Added Pin To Net: NetName=NetR22_2 Pin=R23-1
Added Net: Name=NetR22_2
Added Pin To Net: NetName=NJTRST Pin=C22-2
Added Pin To Net: NetName=NJTRST Pin=D7-14
Added Pin To Net: NetName=NJTRST Pin=R30-2
Added Pin To Net: NetName=NJTRST Pin=SB2-2
Added Pin To Net: NetName=NJTRST Pin=SB2-2
Added Pin To Net: NetName=NJTRST Pin=XP6-5
Added Net: Name=NJTRST
Added Pin To Net: NetName=PD0 Pin=D7-81
Added Pin To Net: NetName=PD0 Pin=XP2-2
Added Net: Name=PD0
Added Pin To Net: NetName=PD1 Pin=D7-82
Added Pin To Net: NetName=PD1 Pin=XP2-3
Added Net: Name=PD1
Added Pin To Net: NetName=PD2 Pin=D7-83
Added Pin To Net: NetName=PD2 Pin=XP2-4
Added Net: Name=PD2
Added Pin To Net: NetName=PD3 Pin=D7-84
Added Pin To Net: NetName=PD3 Pin=XP2-5
Added Net: Name=PD3
Added Pin To Net: NetName=PD4 Pin=D7-85
Added Pin To Net: NetName=PD4 Pin=XP3-1
Added Net: Name=PD4
Added Pin To Net: NetName=PD5 Pin=D7-86
Added Pin To Net: NetName=PD5 Pin=XP3-2
Added Net: Name=PD5
Added Pin To Net: NetName=PD6 Pin=D7-87
Added Pin To Net: NetName=PD6 Pin=XP3-3
Added Net: Name=PD6
Added Pin To Net: NetName=PD7 Pin=D7-88
Added Pin To Net: NetName=PD7 Pin=XP3-4
Added Net: Name=PD7
Added Pin To Net: NetName=PD8 Pin=D7-55
Added Pin To Net: NetName=PD8 Pin=XP3-5
Added Net: Name=PD8
Added Pin To Net: NetName=PD9 Pin=D7-56
Added Pin To Net: NetName=PD9 Pin=XP4-1
Added Net: Name=PD9
Added Pin To Net: NetName=PD10 Pin=D7-57
Added Pin To Net: NetName=PD10 Pin=XP4-2
Added Net: Name=PD10
Added Pin To Net: NetName=PD11 Pin=D7-58
Added Pin To Net: NetName=PD11 Pin=XP4-3
Added Net: Name=PD11
Added Pin To Net: NetName=PD12 Pin=D7-59
Added Pin To Net: NetName=PD12 Pin=XP4-4
Added Net: Name=PD12
Added Pin To Net: NetName=PD13 Pin=D7-60
Added Pin To Net: NetName=PD13 Pin=XP5-1
Added Net: Name=PD13
Added Pin To Net: NetName=PD14 Pin=D7-61
Added Pin To Net: NetName=PD14 Pin=XP5-2
Added Net: Name=PD14
Added Pin To Net: NetName=PD15 Pin=D7-62
Added Pin To Net: NetName=PD15 Pin=XP5-3
Added Net: Name=PD15
Added Pin To Net: NetName=S Pin=D6-8
Added Pin To Net: NetName=S Pin=D7-54
Added Net: Name=S
Added Pin To Net: NetName=USART1_RX Pin=D3-2
Added Pin To Net: NetName=USART1_RX Pin=D7-26
Added Net: Name=USART1_RX
Added Pin To Net: NetName=USART1_TX Pin=D3-3
Added Pin To Net: NetName=USART1_TX Pin=D7-25
Added Net: Name=USART1_TX
Added Pin To Net: NetName=USART2_RX Pin=D5-1
Added Pin To Net: NetName=USART2_RX Pin=D7-48
Added Net: Name=USART2_RX
Added Pin To Net: NetName=USART2_TX Pin=D5-4
Added Pin To Net: NetName=USART2_TX Pin=D7-47
Added Net: Name=USART2_TX
Added Pin To Net: NetName=USB+ Pin=D7-71
Added Pin To Net: NetName=USB+ Pin=XP9-1
Added Net: Name=USB+
Added Pin To Net: NetName=USB- Pin=D7-70
Added Pin To Net: NetName=USB- Pin=XP10-1
Added Net: Name=USB-
Added Pin To Net: NetName=USB_D+ Pin=D?-1
Added Pin To Net: NetName=USB_D+ Pin=XP1-3
Added Net: Name=USB_D+
Added Pin To Net: NetName=USB_D- Pin=D?-3
Added Pin To Net: NetName=USB_D- Pin=XP1-2
Added Net: Name=USB_D-
Added Class: Name=Filter
Added Class: Name=GD34F407VGT6
Added Class: Name=Ports
Added Class: Name=Power Sheet
Added Room: Name=Filter
Added Room: Name=GD34F407VGT6
Added Room: Name=Ports
Added Room: Name=Power Sheet
