Removed Member From Class: ClassName=Power Sheet Member=C6
Removed Member From Class: ClassName=GD34F407VGT6 Member=D5
Removed Member From Class: ClassName=Filter Member=R7
Removed Member From Class: ClassName=GD34F407VGT6 Member=R20
Removed Member From Class: ClassName=GD34F407VGT6 Member=R22
Removed Member From Class: ClassName=GD34F407VGT6 Member=R24
Removed Member From Class: ClassName=Filter Member=XP2
Removed Member From Class: ClassName=GD34F407VGT6 Member=XP2
Removed Member From Class: ClassName=Filter Member=XP3
Removed Member From Class: ClassName=GD34F407VGT6 Member=XP3
Add Pin To Net: Unknown Pin: Pin D7-1
Add Pin To Net: Unknown Pin: Pin D7-2
Add Pin To Net: Unknown Pin: Pin D8-1
Add Pin To Net: Unknown Pin: Pin D8-2
Add Pin To Net: Unknown Pin: Pin D9-1
Add Pin To Net: Unknown Pin: Pin D9-2
Add Pin To Net: Unknown Pin: Pin D10-1
Add Pin To Net: Unknown Pin: Pin D10-2
Add Pin To Net: Unknown Pin: Pin D11-1
Add Pin To Net: Unknown Pin: Pin D11-2
Add Pin To Net: Unknown Pin: Pin D12-1
Add Pin To Net: Unknown Pin: Pin D12-2
Add Pin To Net: Unknown Pin: Pin U1-1
Add Pin To Net: Unknown Pin: Pin U1-2
Add Pin To Net: Unknown Pin: Pin U1-3
Add Pin To Net: Unknown Pin: Pin U1-4
Add Pin To Net: Unknown Pin: Pin U1-5
Add Pin To Net: Unknown Pin: Pin U2-1
Add Pin To Net: Unknown Pin: Pin U2-2
Add Pin To Net: Unknown Pin: Pin U2-3
Add Pin To Net: Unknown Pin: Pin U2-4
Add Pin To Net: Unknown Pin: Pin U2-5
Add Pin To Net: Unknown Pin: Pin X1-1
Add Pin To Net: Unknown Pin: Pin X1-2
Add Pin To Net: Unknown Pin: Pin X2-1
Add Pin To Net: Unknown Pin: Pin X2-2
Add Pin To Net: Unknown Pin: Pin X3-1
Add Pin To Net: Unknown Pin: Pin X3-2
Added Member To Class: ClassName=Power Sheet Member=Component C4 33pF
Added Member To Class: ClassName=GD34F407VGT6 Member=Component D6 GD32F407VGT6
Add Class Member: Failed to add class member : Component D7 Light-Emitting Diode
Add Class Member: Failed to add class member : Component D8 Light-Emitting Diode
Add Class Member: Failed to add class member : Component D9 Light-Emitting Diode
Add Class Member: Failed to add class member : Component D10 Light-Emitting Diode
Add Class Member: Failed to add class member : Component D11 Light-Emitting Diode
Add Class Member: Failed to add class member : Component D12 Light-Emitting Diode
Added Member To Class: ClassName=GD34F407VGT6 Member=Component R10 500
Added Member To Class: ClassName=GD34F407VGT6 Member=Component R11 500
Added Member To Class: ClassName=GD34F407VGT6 Member=Component R12 10k
Added Member To Class: ClassName=GD34F407VGT6 Member=Component R13 10k
Added Member To Class: ClassName=GD34F407VGT6 Member=Component R14 10k
Added Member To Class: ClassName=GD34F407VGT6 Member=Component R15 10k
Added Member To Class: ClassName=GD34F407VGT6 Member=Component R16 10k
Added Member To Class: ClassName=GD34F407VGT6 Member=Component R17 10k
Added Member To Class: ClassName=Filter Member=Component R19 3090
Added Member To Class: ClassName=Filter Member=Component R21 5.8k
Added Member To Class: ClassName=Filter Member=Component R23 3090
Added Member To Class: ClassName=Filter Member=Component R25 5.8k
Add Class Member: Failed to add class member : Component U1 ADA4610
Add Class Member: Failed to add class member : Component U2 ADA4610
Add Class Member: Failed to add class member : Component X1 Crystal
Add Class Member: Failed to add class member : Component X2 Crystal
Add Class Member: Failed to add class member : Component X3 Crystal
Added Member To Class: ClassName=GD34F407VGT6 Member=Component XP4 DS1021-1*5SF1-1
Added Member To Class: ClassName=GD34F407VGT6 Member=Component XP5 DS1021-1*5SF1-1
Added Member To Class: ClassName=GD34F407VGT6 Member=Component XP7 DS1021-1*4SF1-1
Added Member To Class: ClassName=GD34F407VGT6 Member=Component XP8 2191SM-010G
Added Member To Class: ClassName=Filter Member=Component XP9 DS1021-1*2SF1-1
Added Member To Class: ClassName=Filter Member=Component XP10 DS1021-1*2SF1-1
Added Room: Name=Filter
Added Room: Name=GD34F407VGT6
Added Room: Name=Ports
Added Room: Name=Power Sheet
