Removed Pin From Net: NetName=ADC0 Pin=U1-1
Removed Pin From Net: NetName=GND Pin=U1-2
Removed Pin From Net: NetName=NetC26_1 Pin=U1-3
Removed Pin From Net: NetName=+3,3V Pin=U1-5
Removed Pin From Net: NetName=ADC1 Pin=U2-1
Removed Pin From Net: NetName=GND Pin=U2-2
Removed Pin From Net: NetName=NetC28_1 Pin=U2-3
Removed Pin From Net: NetName=+3,3V Pin=U2-5
Removed Member From Class: ClassName=Filter Member=U1
Removed Member From Class: ClassName=Filter Member=U2
Change Component Comment : Designator=C8 Old Comment=0,1uF New Comment=0,01 לך
Change Component Comment : Designator=C9 Old Comment=0,1uF New Comment=0,01 לך
Change Component Comment : Designator=C10 Old Comment=0,1uF New Comment=0,01 לך
Change Component Comment : Designator=C11 Old Comment=0,1uF New Comment=0,01 לך
Change Component Comment : Designator=C12 Old Comment=0,1uF New Comment=0,01 לך
Change Component Comment : Designator=C13 Old Comment=0,1uF New Comment=0,01 לך
Change Component Comment : Designator=C14 Old Comment=0,1uF New Comment=0,01 לך
Change Component Comment : Designator=C15 Old Comment=4,7uF New Comment=0,01 לך
Change Component Comment : Designator=R21 Old Comment=5.8k New Comment=5.9k
Change Component Comment : Designator=R25 Old Comment=5.8k New Comment=5.9k
Change component parameters: Designator = "C8" ("C8"); Footprint = "C0603"; UniqueID = "\MRUFHLIB" ("\MRUFHLIB")
Change component parameters (AddParameter): Name = "Part Number"; Value = "C0603"; VariantName = "[No Variations]"
Change component parameters (AddParameter): Name = "Part Number En"; Value = "CAP CER 0,01UF 50V X7R 0603"; VariantName = "[No Variations]"
Change component parameters (AddParameter): Name = "Part Number Ru"; Value = "0,01 לך ±10% 50 ֲ X7R 0603"; VariantName = "[No Variations]"
Change component parameters (AddParameter): Name = "Value"; Value = "0,01 לך"; VariantName = "[No Variations]"
Change component parameters: Designator = "C9" ("C9"); Footprint = "C0603"; UniqueID = "\WYAXUJUM" ("\WYAXUJUM")
Change component parameters (AddParameter): Name = "Part Number"; Value = "C0603"; VariantName = "[No Variations]"
Change component parameters (AddParameter): Name = "Part Number En"; Value = "CAP CER 0,01UF 50V X7R 0603"; VariantName = "[No Variations]"
Change component parameters (AddParameter): Name = "Part Number Ru"; Value = "0,01 לך ±10% 50 ֲ X7R 0603"; VariantName = "[No Variations]"
Change component parameters (AddParameter): Name = "Value"; Value = "0,01 לך"; VariantName = "[No Variations]"
Change component parameters: Designator = "C10" ("C10"); Footprint = "C0603"; UniqueID = "\WCWZYKPN" ("\WCWZYKPN")
Change component parameters (AddParameter): Name = "Part Number"; Value = "C0603"; VariantName = "[No Variations]"
Change component parameters (AddParameter): Name = "Part Number En"; Value = "CAP CER 0,01UF 50V X7R 0603"; VariantName = "[No Variations]"
Change component parameters (AddParameter): Name = "Part Number Ru"; Value = "0,01 לך ±10% 50 ֲ X7R 0603"; VariantName = "[No Variations]"
Change component parameters (AddParameter): Name = "Value"; Value = "0,01 לך"; VariantName = "[No Variations]"
Change component parameters: Designator = "C11" ("C11"); Footprint = "C0603"; UniqueID = "\PUHFKPPH" ("\PUHFKPPH")
Change component parameters (AddParameter): Name = "Part Number"; Value = "C0603"; VariantName = "[No Variations]"
Change component parameters (AddParameter): Name = "Part Number En"; Value = "CAP CER 0,01UF 50V X7R 0603"; VariantName = "[No Variations]"
Change component parameters (AddParameter): Name = "Part Number Ru"; Value = "0,01 לך ±10% 50 ֲ X7R 0603"; VariantName = "[No Variations]"
Change component parameters (AddParameter): Name = "Value"; Value = "0,01 לך"; VariantName = "[No Variations]"
Change component parameters: Designator = "C12" ("C12"); Footprint = "C0603"; UniqueID = "\VGHDDYEN" ("\VGHDDYEN")
Change component parameters (AddParameter): Name = "Part Number"; Value = "C0603"; VariantName = "[No Variations]"
Change component parameters (AddParameter): Name = "Part Number En"; Value = "CAP CER 0,01UF 50V X7R 0603"; VariantName = "[No Variations]"
Change component parameters (AddParameter): Name = "Part Number Ru"; Value = "0,01 לך ±10% 50 ֲ X7R 0603"; VariantName = "[No Variations]"
Change component parameters (AddParameter): Name = "Value"; Value = "0,01 לך"; VariantName = "[No Variations]"
Change component parameters: Designator = "C13" ("C13"); Footprint = "C0603"; UniqueID = "\YQFBGEWY" ("\YQFBGEWY")
Change component parameters (AddParameter): Name = "Part Number"; Value = "C0603"; VariantName = "[No Variations]"
Change component parameters (AddParameter): Name = "Part Number En"; Value = "CAP CER 0,01UF 50V X7R 0603"; VariantName = "[No Variations]"
Change component parameters (AddParameter): Name = "Part Number Ru"; Value = "0,01 לך ±10% 50 ֲ X7R 0603"; VariantName = "[No Variations]"
Change component parameters (AddParameter): Name = "Value"; Value = "0,01 לך"; VariantName = "[No Variations]"
Change component parameters: Designator = "C14" ("C14"); Footprint = "C0603"; UniqueID = "\URIXAGJQ" ("\URIXAGJQ")
Change component parameters (AddParameter): Name = "Part Number"; Value = "C0603"; VariantName = "[No Variations]"
Change component parameters (AddParameter): Name = "Part Number En"; Value = "CAP CER 0,01UF 50V X7R 0603"; VariantName = "[No Variations]"
Change component parameters (AddParameter): Name = "Part Number Ru"; Value = "0,01 לך ±10% 50 ֲ X7R 0603"; VariantName = "[No Variations]"
Change component parameters (AddParameter): Name = "Value"; Value = "0,01 לך"; VariantName = "[No Variations]"
Change component parameters: Designator = "C15" ("C15"); Footprint = "C0603"; UniqueID = "\RREODFDL" ("\RREODFDL")
Change component parameters (AddParameter): Name = "Part Number"; Value = "C0603"; VariantName = "[No Variations]"
Change component parameters (AddParameter): Name = "Part Number En"; Value = "CAP CER 0,01UF 50V X7R 0603"; VariantName = "[No Variations]"
Change component parameters (AddParameter): Name = "Part Number Ru"; Value = "0,01 לך ±10% 50 ֲ X7R 0603"; VariantName = "[No Variations]"
Change component parameters (AddParameter): Name = "Value"; Value = "0,01 לך"; VariantName = "[No Variations]"
Change component parameters: Designator = "R21" ("R21"); Footprint = "R0603"; UniqueID = "\TJVCLHKX" ("\TJVCLHKX")
Change component parameters (AddParameter): Name = "Manufacturer"; Value = "YAGEO"; VariantName = "[No Variations]"
Change component parameters (AddParameter): Name = "Manufacturer Part Number"; Value = "RC0603JR-070RL"; VariantName = "[No Variations]"
Change component parameters (AddParameter): Name = "Nominal"; Value = "0"; VariantName = "[No Variations]"
Change component parameters (AddParameter): Name = "Part Number"; Value = "0 0603"; VariantName = "[No Variations]"
Change component parameters (AddParameter): Name = "Part Number En"; Value = "RES 0603 0"; VariantName = "[No Variations]"
Change component parameters (AddParameter): Name = "Part Number Ru"; Value = "0 ־ל 0603"; VariantName = "[No Variations]"
Change component parameters (AddParameter): Name = "Size"; Value = "0603"; VariantName = "[No Variations]"
Change component parameters (AddParameter): Name = "Value"; Value = "5.9k"; VariantName = "[No Variations]"
Change component parameters: Designator = "R25" ("R25"); Footprint = "R0603"; UniqueID = "\SYEOTZPI" ("\SYEOTZPI")
Change component parameters (AddParameter): Name = "Manufacturer"; Value = "YAGEO"; VariantName = "[No Variations]"
Change component parameters (AddParameter): Name = "Manufacturer Part Number"; Value = "RC0603JR-070RL"; VariantName = "[No Variations]"
Change component parameters (AddParameter): Name = "Nominal"; Value = "0"; VariantName = "[No Variations]"
Change component parameters (AddParameter): Name = "Part Number"; Value = "0 0603"; VariantName = "[No Variations]"
Change component parameters (AddParameter): Name = "Part Number En"; Value = "RES 0603 0"; VariantName = "[No Variations]"
Change component parameters (AddParameter): Name = "Part Number Ru"; Value = "0 ־ל 0603"; VariantName = "[No Variations]"
Change component parameters (AddParameter): Name = "Size"; Value = "0603"; VariantName = "[No Variations]"
Change component parameters (AddParameter): Name = "Value"; Value = "5.9k"; VariantName = "[No Variations]"
Add Pin To Net: Unknown Pin: Pin D13-1
Add Pin To Net: Unknown Pin: Pin D13-2
Add Pin To Net: Unknown Pin: Pin D13-4
Add Pin To Net: Unknown Pin: Pin D13-6
Add Pin To Net: Unknown Pin: Pin D13-7
Add Pin To Net: Unknown Pin: Pin D13-8
Add Pin To Net: Unknown Pin: Pin X1-1
Add Pin To Net: Unknown Pin: Pin X1-2
Added Pin To Net: NetName=NetD13_3 Pin=R21-2
Added Pin To Net: NetName=NetD13_3 Pin=R22-1
Added Net: Name=NetD13_3
Added Pin To Net: NetName=NetD13_5 Pin=R25-2
Added Pin To Net: NetName=NetD13_5 Pin=R26-1
Added Net: Name=NetD13_5
Add Class Member: Failed to add class member : Component D13
Add Class Member: Failed to add class member : Component X1 Crystal
Added Room: Name=Filter
Added Room: Name=GD34F407VGT6
Added Room: Name=Ports
Added Room: Name=Power Sheet
