Added Pin To Net: NetName=+3,3V Pin=C16-1
Added Pin To Net: NetName=GND Pin=C16-2
Added Pin To Net: NetName=+3,3V Pin=C17-1
Added Pin To Net: NetName=GND Pin=C17-2
Add Pin To Net: Unknown Pin: Pin X1-1
Add Pin To Net: Unknown Pin: Pin X1-2
Add Pin To Net: Unknown Pin: Pin X2-1
Add Pin To Net: Unknown Pin: Pin X2-2
Add Pin To Net: Unknown Pin: Pin X3-1
Add Pin To Net: Unknown Pin: Pin X3-2
Added Member To Class: ClassName=GD34F407VGT6 Member=Component C16 1uF
Added Member To Class: ClassName=GD34F407VGT6 Member=Component C17 10nF
Add Class Member: Failed to add class member : Component U? ADA4610
Add Class Member: Failed to add class member : Component X1 Crystal
Add Class Member: Failed to add class member : Component X2 Crystal
Add Class Member: Failed to add class member : Component X3 Crystal
Added Room: Name=Filter
Added Room: Name=GD34F407VGT6
Added Room: Name=Ports
Added Room: Name=Power Sheet
