Removed Pin From Net: NetName=GND Pin=D2-2
Removed Pin From Net: NetName=USBIN_2 Pin=D2-4
Removed Pin From Net: NetName=+3,3V Pin=D2-5
Removed Pin From Net: NetName=USBIN_1 Pin=D2-6
Added Pin To Net: NetName=USBIN_1 Pin=D2-1
Added Pin To Net: NetName=+3,3V Pin=D2-2
Added Pin To Net: NetName=USBIN_2 Pin=D2-3
Added Pin To Net: NetName=GND Pin=D2-5
Add Pin To Net: Unknown Pin: Pin X1-1
Add Pin To Net: Unknown Pin: Pin X1-2
Added Pin To Net: NetName=NetD2_4 Pin=D2-4
Added Pin To Net: NetName=NetD2_4 Pin=XP1-2
Added Net: Name=NetD2_4
Added Pin To Net: NetName=NetD2_6 Pin=D2-6
Added Pin To Net: NetName=NetD2_6 Pin=XP1-3
Added Net: Name=NetD2_6
Add Class Member: Failed to add class member : Component U3 ADA4610
Add Class Member: Failed to add class member : Component X1 Crystal
Added Room: Name=Filter
Added Room: Name=GD34F407VGT6
Added Room: Name=Ports
Added Room: Name=Power Sheet
