Added Component: Designator=D7(LED: 0603)
Added Component: Designator=D8(LED: 0603)
Added Component: Designator=D9(LED: 0603)
Added Component: Designator=D10(LED: 0603)
Added Component: Designator=D11(LED: 0603)
Added Component: Designator=D12(LED: 0603)
Added Pin To Net: NetName=NetD7_1 Pin=D7-1
Added Pin To Net: NetName=NetD8_1 Pin=D8-1
Added Pin To Net: NetName=NetD9_1 Pin=D9-1
Added Pin To Net: NetName=NetD10_1 Pin=D10-1
Added Pin To Net: NetName=NetD11_1 Pin=D11-1
Added Pin To Net: NetName=NetD12_1 Pin=D12-1
Add Pin To Net: Unknown Pin: Pin U1-1
Add Pin To Net: Unknown Pin: Pin U1-2
Add Pin To Net: Unknown Pin: Pin U1-3
Add Pin To Net: Unknown Pin: Pin U1-4
Add Pin To Net: Unknown Pin: Pin U1-5
Add Pin To Net: Unknown Pin: Pin U2-1
Add Pin To Net: Unknown Pin: Pin U2-2
Add Pin To Net: Unknown Pin: Pin U2-3
Add Pin To Net: Unknown Pin: Pin U2-4
Add Pin To Net: Unknown Pin: Pin U2-5
Add Pin To Net: Unknown Pin: Pin X1-1
Add Pin To Net: Unknown Pin: Pin X1-2
Add Pin To Net: Unknown Pin: Pin X2-1
Add Pin To Net: Unknown Pin: Pin X2-2
Add Pin To Net: Unknown Pin: Pin X3-1
Add Pin To Net: Unknown Pin: Pin X3-2
Added Member To Class: ClassName=GD34F407VGT6 Member=Component D7 LED
Added Member To Class: ClassName=GD34F407VGT6 Member=Component D8 LED
Added Member To Class: ClassName=GD34F407VGT6 Member=Component D9 LED
Added Member To Class: ClassName=GD34F407VGT6 Member=Component D10 LED
Added Member To Class: ClassName=GD34F407VGT6 Member=Component D11 LED
Added Member To Class: ClassName=GD34F407VGT6 Member=Component D12 LED
Add Class Member: Failed to add class member : Component U1 ADA4610
Add Class Member: Failed to add class member : Component U2 ADA4610
Add Class Member: Failed to add class member : Component X1 Crystal
Add Class Member: Failed to add class member : Component X2 Crystal
Add Class Member: Failed to add class member : Component X3 Crystal
Added Room: Name=Filter
Added Room: Name=GD34F407VGT6
Added Room: Name=Ports
Added Room: Name=Power Sheet
