Replace Part C8 Capacitor in C:\Users\Public\Documents\Altium\Projects\Bread_board\GD34F407VGT6.SchDoc with Capacitor from capacitors.DbLib
Replace Part C9 Capacitor in C:\Users\Public\Documents\Altium\Projects\Bread_board\GD34F407VGT6.SchDoc with Capacitor from capacitors.DbLib
Replace Part C10 Capacitor in C:\Users\Public\Documents\Altium\Projects\Bread_board\GD34F407VGT6.SchDoc with Capacitor from capacitors.DbLib
Replace Part C11 Capacitor in C:\Users\Public\Documents\Altium\Projects\Bread_board\GD34F407VGT6.SchDoc with Capacitor from capacitors.DbLib
Replace Part C12 Capacitor in C:\Users\Public\Documents\Altium\Projects\Bread_board\GD34F407VGT6.SchDoc with Capacitor from capacitors.DbLib
Replace Part C13 Capacitor in C:\Users\Public\Documents\Altium\Projects\Bread_board\GD34F407VGT6.SchDoc with Capacitor from capacitors.DbLib
Replace Part C14 Capacitor in C:\Users\Public\Documents\Altium\Projects\Bread_board\GD34F407VGT6.SchDoc with Capacitor from capacitors.DbLib
Replace Part C15 Capacitor in C:\Users\Public\Documents\Altium\Projects\Bread_board\GD34F407VGT6.SchDoc with Capacitor from capacitors.DbLib
Replace Part C16 Capacitor in C:\Users\Public\Documents\Altium\Projects\Bread_board\GD34F407VGT6.SchDoc with Capacitor from capacitors.DbLib
Replace Part C17 Capacitor in C:\Users\Public\Documents\Altium\Projects\Bread_board\GD34F407VGT6.SchDoc with Capacitor from capacitors.DbLib
Replace Part C18 Capacitor in C:\Users\Public\Documents\Altium\Projects\Bread_board\GD34F407VGT6.SchDoc with Capacitor from capacitors.DbLib
Replace Part C19 Capacitor in C:\Users\Public\Documents\Altium\Projects\Bread_board\GD34F407VGT6.SchDoc with Capacitor from capacitors.DbLib
Replace Part C20 Capacitor in C:\Users\Public\Documents\Altium\Projects\Bread_board\GD34F407VGT6.SchDoc with Capacitor from capacitors.DbLib
Replace Part C21 Capacitor in C:\Users\Public\Documents\Altium\Projects\Bread_board\GD34F407VGT6.SchDoc with Capacitor from capacitors.DbLib
Replace Part C22 Capacitor in C:\Users\Public\Documents\Altium\Projects\Bread_board\GD34F407VGT6.SchDoc with Capacitor from capacitors.DbLib
Replace Part C23 Capacitor in C:\Users\Public\Documents\Altium\Projects\Bread_board\GD34F407VGT6.SchDoc with Capacitor from capacitors.DbLib
Replace Part C24 Capacitor in C:\Users\Public\Documents\Altium\Projects\Bread_board\GD34F407VGT6.SchDoc with Capacitor from capacitors.DbLib
Replace Part D7 GD32F407Vx in C:\Users\Public\Documents\Altium\Projects\Bread_board\GD34F407VGT6.SchDoc with GD32F407Vx from ic.DbLib
Replace Part D7 GD32F407Vx in C:\Users\Public\Documents\Altium\Projects\Bread_board\GD34F407VGT6.SchDoc with GD32F407Vx from ic.DbLib
Replace Part D8 LED in C:\Users\Public\Documents\Altium\Projects\Bread_board\GD34F407VGT6.SchDoc with LED from Simulation Generic Components.IntLib
Replace Part D9 LED in C:\Users\Public\Documents\Altium\Projects\Bread_board\GD34F407VGT6.SchDoc with LED from Simulation Generic Components.IntLib
Replace Part D10 LED in C:\Users\Public\Documents\Altium\Projects\Bread_board\GD34F407VGT6.SchDoc with LED from Simulation Generic Components.IntLib
Replace Part D11 LED in C:\Users\Public\Documents\Altium\Projects\Bread_board\GD34F407VGT6.SchDoc with LED from Simulation Generic Components.IntLib
Replace Part D12 LED in C:\Users\Public\Documents\Altium\Projects\Bread_board\GD34F407VGT6.SchDoc with LED from Simulation Generic Components.IntLib
Replace Part D13 LED in C:\Users\Public\Documents\Altium\Projects\Bread_board\GD34F407VGT6.SchDoc with LED from Simulation Generic Components.IntLib
Replace Part R8 ResistorAdj in C:\Users\Public\Documents\Altium\Projects\Bread_board\GD34F407VGT6.SchDoc with ResistorAdj from resistors.DbLib
Replace Part R9 ResistorAdj in C:\Users\Public\Documents\Altium\Projects\Bread_board\GD34F407VGT6.SchDoc with ResistorAdj from resistors.DbLib
Replace Part R10 Resistor in C:\Users\Public\Documents\Altium\Projects\Bread_board\GD34F407VGT6.SchDoc with Resistor from resistors.DbLib
Replace Part R11 Resistor in C:\Users\Public\Documents\Altium\Projects\Bread_board\GD34F407VGT6.SchDoc with Resistor from resistors.DbLib
Replace Part R12 Resistor in C:\Users\Public\Documents\Altium\Projects\Bread_board\GD34F407VGT6.SchDoc with Resistor from resistors.DbLib
Replace Part R13 Resistor in C:\Users\Public\Documents\Altium\Projects\Bread_board\GD34F407VGT6.SchDoc with Resistor from resistors.DbLib
Replace Part R14 Resistor in C:\Users\Public\Documents\Altium\Projects\Bread_board\GD34F407VGT6.SchDoc with Resistor from resistors.DbLib
Replace Part R15 Resistor in C:\Users\Public\Documents\Altium\Projects\Bread_board\GD34F407VGT6.SchDoc with Resistor from resistors.DbLib
Replace Part R24 Resistor in C:\Users\Public\Documents\Altium\Projects\Bread_board\GD34F407VGT6.SchDoc with Resistor from resistors.DbLib
Replace Part R25 Resistor in C:\Users\Public\Documents\Altium\Projects\Bread_board\GD34F407VGT6.SchDoc with Resistor from resistors.DbLib
Replace Part R26 Resistor in C:\Users\Public\Documents\Altium\Projects\Bread_board\GD34F407VGT6.SchDoc with Resistor from resistors.DbLib
Replace Part R27 Resistor in C:\Users\Public\Documents\Altium\Projects\Bread_board\GD34F407VGT6.SchDoc with Resistor from resistors.DbLib
Replace Part R28 Resistor in C:\Users\Public\Documents\Altium\Projects\Bread_board\GD34F407VGT6.SchDoc with Resistor from resistors.DbLib
Replace Part R29 Resistor in C:\Users\Public\Documents\Altium\Projects\Bread_board\GD34F407VGT6.SchDoc with Resistor from resistors.DbLib
Replace Part SB1 Button in C:\Users\Public\Documents\Altium\Projects\Bread_board\GD34F407VGT6.SchDoc with Button from switches.DbLib
Replace Part SB2 Button in C:\Users\Public\Documents\Altium\Projects\Bread_board\GD34F407VGT6.SchDoc with Button from switches.DbLib
Replace Part SB3 Button in C:\Users\Public\Documents\Altium\Projects\Bread_board\GD34F407VGT6.SchDoc with Button from switches.DbLib
Replace Part SB4 Button in C:\Users\Public\Documents\Altium\Projects\Bread_board\GD34F407VGT6.SchDoc with Button from switches.DbLib
Replace Part SB5 Button in C:\Users\Public\Documents\Altium\Projects\Bread_board\GD34F407VGT6.SchDoc with Button from switches.DbLib
Replace Part X2 Crystal in C:\Users\Public\Documents\Altium\Projects\Bread_board\GD34F407VGT6.SchDoc with Crystal from Simulation Generic Components.IntLib
Replace Part X3 Crystal in C:\Users\Public\Documents\Altium\Projects\Bread_board\GD34F407VGT6.SchDoc with Crystal from Simulation Generic Components.IntLib
Replace Part XP2 con-ru-m-5 in C:\Users\Public\Documents\Altium\Projects\Bread_board\GD34F407VGT6.SchDoc with con-ru-m-5 from connectors.DbLib
Replace Part XP3 con-ru-m-5 in C:\Users\Public\Documents\Altium\Projects\Bread_board\GD34F407VGT6.SchDoc with con-ru-m-5 from connectors.DbLib
Replace Part XP4 con-ru-m-4 in C:\Users\Public\Documents\Altium\Projects\Bread_board\GD34F407VGT6.SchDoc with con-ru-m-4 from connectors.DbLib
Replace Part XP5 con-ru-m-4 in C:\Users\Public\Documents\Altium\Projects\Bread_board\GD34F407VGT6.SchDoc with con-ru-m-4 from connectors.DbLib
Replace Part XP6 con-ru-m-10 in C:\Users\Public\Documents\Altium\Projects\Bread_board\GD34F407VGT6.SchDoc with con-ru-m-10 from connectors.DbLib
