Change Component Designator: Old Designator=C? New Designator=C8
Change Component Designator: Old Designator=C? New Designator=C9
Change Component Designator: Old Designator=C? New Designator=C10
Change Component Designator: Old Designator=C? New Designator=C11
Change Component Designator: Old Designator=C? New Designator=C12
Change Component Designator: Old Designator=C? New Designator=C13
Change Component Designator: Old Designator=C? New Designator=C14
Change Component Designator: Old Designator=C? New Designator=C15
Change Component Designator: Old Designator=C? New Designator=C16
Change Component Designator: Old Designator=C? New Designator=C17
Change Component Designator: Old Designator=C? New Designator=C18
Change Component Designator: Old Designator=C? New Designator=C19
Change Component Designator: Old Designator=C? New Designator=C20
Change Component Designator: Old Designator=C? New Designator=C21
Change Component Designator: Old Designator=C? New Designator=C22
Change Component Designator: Old Designator=C? New Designator=C23
Change Component Designator: Old Designator=C? New Designator=C24
Change Component Designator: Old Designator=D? New Designator=D7
Change Component Designator: Old Designator=D? New Designator=D7
Change Component Designator: Old Designator=R? New Designator=R8
Change Component Designator: Old Designator=R? New Designator=R9
Change Component Designator: Old Designator=R? New Designator=R10
Change Component Designator: Old Designator=R? New Designator=R11
Change Component Designator: Old Designator=R? New Designator=R12
Change Component Designator: Old Designator=R? New Designator=R13
Change Component Designator: Old Designator=R? New Designator=R14
Change Component Designator: Old Designator=R? New Designator=R15
Change Component Designator: Old Designator=SB? New Designator=SB1
Change Component Designator: Old Designator=SB? New Designator=SB2
Change Component Designator: Old Designator=SB? New Designator=SB3
Change Component Designator: Old Designator=SB? New Designator=SB4
Change Component Designator: Old Designator=SB? New Designator=SB5
Change Component Designator: Old Designator=X? New Designator=X2
Change Component Designator: Old Designator=X? New Designator=X3
Change Component Designator: Old Designator=XP? New Designator=XP2
Change Component Designator: Old Designator=XP? New Designator=XP3
Change Component Designator: Old Designator=XP? New Designator=XP4
Change Component Designator: Old Designator=XP? New Designator=XP5
Change Component Designator: Old Designator=XP? New Designator=XP6
